
Clover Installer r5119 (0f5da727e) (installer library v1.1.5), 2020-06-25 10:17:39
macOS Version 10.15.2 (Build 19C57)
SELF = /Applications/Clover.app/Contents/MacOS/CloverDaemonNew
Backup made at:
/Users/jacob/Desktop/CloverBackUp/Samsung SSD 970 EVO 1TB Media/r5103_2020-06-25_10-17-33/EFI.
Target volume: /Volumes/EFI
BSD Name:      disk0s1
Filesystem:    FAT32
Is internal:   true
Is writable:   true
Installation type: UEFI

/dev/disk0 (internal, physical):
   #:                       TYPE NAME                    SIZE       IDENTIFIER
   0:      GUID_partition_scheme                        *1.0 TB     disk0
   1:                        EFI EFI                     209.7 MB   disk0s1
   2:                 Apple_APFS Container disk1         999.9 GB   disk0s2

/dev/disk1 (synthesized):
   #:                       TYPE NAME                    SIZE       IDENTIFIER
   0:      APFS Container Scheme -                      +999.9 GB   disk1
                                 Physical Store disk0s2
   1:                APFS Volume Hope - Data             940.5 GB   disk1s1
   2:                APFS Volume Preboot                 162.7 MB   disk1s2
   3:                APFS Volume Recovery                528.5 MB   disk1s3
   4:                APFS Volume VM                      3.2 GB     disk1s4
   5:                APFS Volume Hope                    10.9 GB    disk1s5

/dev/disk2 (internal, physical):
   #:                       TYPE NAME                    SIZE       IDENTIFIER
   0:      GUID_partition_scheme                        *1.0 TB     disk2
   1:                        EFI EFI                     209.7 MB   disk2s1
   2:                 Apple_RAID                         999.9 GB   disk2s2
   3:                 Apple_Boot Boot OS X               134.2 MB   disk2s3

/dev/disk3 (internal, physical):
   #:                       TYPE NAME                    SIZE       IDENTIFIER
   0:      GUID_partition_scheme                        *4.0 TB     disk3
   1:                        EFI EFI                     209.7 MB   disk3s1
   2:                  Apple_HFS Media                   4.0 TB     disk3s2

/dev/disk4 (internal, physical):
   #:                       TYPE NAME                    SIZE       IDENTIFIER
   0:      GUID_partition_scheme                        *1.0 TB     disk4
   1:                        EFI EFI                     209.7 MB   disk4s1
   2:                 Apple_RAID                         1.0 TB     disk4s2
   3:                 Apple_Boot Boot OS X               134.2 MB   disk4s3

/dev/disk5 (internal, virtual):
   #:                       TYPE NAME                    SIZE       IDENTIFIER
   0:                  Apple_HFS Vik                    +2.0 TB     disk5

/dev/disk6 (internal, physical):
   #:                       TYPE NAME                    SIZE       IDENTIFIER
   0:      GUID_partition_scheme                        *2.0 TB     disk6
   1:                        EFI EFI                     209.7 MB   disk6s1
   2:                 Apple_APFS Container disk8         1.0 TB     disk6s2
   3:                  Apple_HFS Vik Backup 1            999.9 GB   disk6s3

/dev/disk7 (internal, physical):
   #:                       TYPE NAME                    SIZE       IDENTIFIER
   0:      GUID_partition_scheme                        *2.0 TB     disk7
   1:                        EFI EFI                     209.7 MB   disk7s1
   2:                 Apple_APFS Container disk9         1.0 TB     disk7s2
   3:                  Apple_HFS Vik Backup 2            999.9 GB   disk7s3

/dev/disk8 (synthesized):
   #:                       TYPE NAME                    SIZE       IDENTIFIER
   0:      APFS Container Scheme -                      +1.0 TB     disk8
                                 Physical Store disk6s2
   1:                APFS Volume Hope Backup 1 - Data    965.4 GB   disk8s1
   2:                APFS Volume Preboot                 79.3 MB    disk8s2
   3:                APFS Volume Recovery                541.9 MB   disk8s3
   4:                APFS Volume VM                      3.2 GB     disk8s4
   5:                APFS Volume Hope Backup 1           10.9 GB    disk8s5

/dev/disk9 (synthesized):
   #:                       TYPE NAME                    SIZE       IDENTIFIER
   0:      APFS Container Scheme -                      +1.0 TB     disk9
                                 Physical Store disk7s2
   1:                APFS Volume Hope Backup 2 - Data    936.7 GB   disk9s1
   2:                APFS Volume Preboot                 82.2 MB    disk9s2
   3:                APFS Volume Recovery                529.3 MB   disk9s3
   4:                APFS Volume VM                      3.2 GB     disk9s4
   5:                APFS Volume Hope Backup 2           10.8 GB    disk9s5




Installing/Updating Clover:
+ ../BOOT/BOOTX64.efi
+ ../CLOVER/CLOVERX64.efi

Installing/Updating drivers:
+ ../UEFI/ApfsDriverLoader.efi
+ ../UEFI/AptioMemoryFix.efi

Installing/Updating tools:
+ ../tools/Shell64.efi
+ ../tools/bdmesg.efi
+ ../tools/Shell64U.efi
+ ../tools/Shell32.efi

Installing/Updating docs:
+ ../doc/UEFI boot with Clover.rtf
+ ../doc/boot1f32-install.sh
+ ../doc/HowToInstallOSX.txt
+ ../doc/HowToFixDsdt.txt
+ ../doc/bcfg.txt