0:100  0:100  MemLog inited, TSC freq: 3192437130
0:100  0:000  CPU was calibrated with RTC
0:100  0:000  
0:100  0:000  Now is 17.1.2020,  16:4:56 (GMT)
0:100  0:000  Starting Clover revision: 4411 on American Megatrends EFI
0:100  0:000  Build with: [Args: -D NO_GRUB_DRIVERS_EMBEDDED -t XCODE8 | -D NO_GRUB_DRIVERS_EMBEDDED -D USE_LOW_EBDA -a X64 -b RELEASE -t XCODE8 -n 5 | OS: 10.12.6 | XCODE: 9.2]
0:100  0:000  SelfDevicePath=PciRoot(0x0)\Pci(0x17,0x0)\Sata(0x1,0xFFFF,0x0)\HD(1,GPT,D1D981DC-63C8-4BC6-BACB-4132F9364A1A,0x28,0x64000) @B9331798
0:100  0:000  SelfDirPath = \EFI\BOOT
0:102  0:002  === [ Get Smbios ] ========================================
0:102  0:000  Type 16 Index = 0
0:102  0:000  Total Memory Slots Count = 4
0:102  0:000  Type 17 Index = 0
0:102  0:000  SmbiosTable.Type17->Speed = 2133MHz
0:102  0:000  SmbiosTable.Type17->Size = 16384MB
0:102  0:000  SmbiosTable.Type17->Bank/Device = BANK 0 ChannelA-DIMM0
0:102  0:000  SmbiosTable.Type17->Vendor = 859B
0:102  0:000  SmbiosTable.Type17->SerialNumber = A41B1F2B
0:102  0:000  SmbiosTable.Type17->PartNumber = CT16G4DFD8213.C16FBD
0:102  0:000  Type 17 Index = 1
0:102  0:000  Ignoring insane frequency value 0MHz
0:102  0:000  SmbiosTable.Type17->Speed = 0MHz
0:102  0:000  SmbiosTable.Type17->Size = 0MB
0:102  0:000  SmbiosTable.Type17->Bank/Device = BANK 1 ChannelA-DIMM1
0:102  0:000  SmbiosTable.Type17->Vendor = <null string>
0:102  0:000  SmbiosTable.Type17->SerialNumber = <null string>
0:102  0:000  SmbiosTable.Type17->PartNumber = <null string>
0:102  0:000  Type 17 Index = 2
0:102  0:000  SmbiosTable.Type17->Speed = 2133MHz
0:102  0:000  SmbiosTable.Type17->Size = 16384MB
0:102  0:000  SmbiosTable.Type17->Bank/Device = BANK 2 ChannelB-DIMM0
0:102  0:000  SmbiosTable.Type17->Vendor = 859B
0:102  0:000  SmbiosTable.Type17->SerialNumber = A41B1F2E
0:102  0:000  SmbiosTable.Type17->PartNumber = CT16G4DFD8213.C16FBD
0:102  0:000  Type 17 Index = 3
0:102  0:000  Ignoring insane frequency value 0MHz
0:102  0:000  SmbiosTable.Type17->Speed = 0MHz
0:102  0:000  SmbiosTable.Type17->Size = 0MB
0:102  0:000  SmbiosTable.Type17->Bank/Device = BANK 3 ChannelB-DIMM1
0:102  0:000  SmbiosTable.Type17->Vendor = <null string>
0:102  0:000  SmbiosTable.Type17->SerialNumber = <null string>
0:102  0:000  SmbiosTable.Type17->PartNumber = <null string>
0:102  0:000  Boot status=0
0:102  0:000  Running on: 'H170N-WIFI' with board 'H170N-WIFI-CF'
0:102  0:000  === [ GetCPUProperties ] ==================================
0:102  0:000  CPU Vendor = 756E6547 Model=506E3
0:102  0:000   The CPU supported SSE4.1
0:102  0:000  BrandString = Intel(R) Core(TM) i5-6500 CPU @ 3.20GHz
0:102  0:000   The CPU supported turbo
0:102  0:000  MSR 0x35               40004
0:102  0:000   TSC/CCC Information Leaf:
0:102  0:000    numerator     : 266
0:102  0:000    denominator   : 2
0:102  0:000   Calibrated ARTFrequency: 24003286
0:102  0:000  MSR 0xE2 before patch 1E000006
0:102  0:000  MSR 0xCE              00080838_F1012000
0:102  0:000  corrected FLEX_RATIO = 0
0:102  0:000  FSBFrequency = 104 MHz, DMI FSBFrequency = 100 MHz, Corrected FSBFrequency = 100 MHz
0:102  0:000  MaxDiv/MinDiv: 32.0/8
0:102  0:000  Turbo: 33/34/35/36
0:102  0:000  Features: 0xBFEBFBFF
0:102  0:000  Threads: 4
0:102  0:000  Cores: 4
0:102  0:000  FSB: 100 MHz
0:102  0:000  CPU: 3300 MHz
0:102  0:000  TSC: 3300 MHz
0:102  0:000  PIS: 100 MHz
0:102  0:000  ExternalClock: 25 MHz
0:102  0:000  === [ GetDevices ] ========================================
0:102  0:000  PCI (00|00:00.00) : 8086 191F class=060000
0:102  0:000  PCI (00|00:01.00) : 8086 1901 class=060400
0:102  0:000  PCI (00|01:00.00) : 1002 67E3 class=030000
0:102  0:000   - GFX: Model=AMD Radeon Polaris 11 (ATI/AMD)
0:102  0:000  PCI (00|01:00.01) : 1002 AAE0 class=040300
0:102  0:000   - HDMI Audio: 
0:102  0:000  PCI (00|00:14.00) : 8086 A12F class=0C0330
0:102  0:000  PCI (00|00:16.00) : 8086 A13A class=078000
0:102  0:000  PCI (00|00:17.00) : 8086 A102 class=010601
0:102  0:000  PCI (00|00:1B.00) : 8086 A169 class=060400
0:102  0:000  PCI (00|00:1B.03) : 8086 A16A class=060400
0:102  0:000  PCI (00|00:1C.00) : 8086 A112 class=060400
0:102  0:000  PCI (00|00:1C.04) : 8086 A114 class=060400
0:102  0:000  PCI (00|05:00.00) : 8086 1539 class=020000
0:102  0:000   - LAN: 0 Vendor=Intel
0:102  0:000  PCI (00|00:1C.05) : 8086 A115 class=060400
0:102  0:000  PCI (00|06:00.00) : 14E4 43B1 class=028000
0:102  0:000   - WIFI: Vendor=Broadcom
0:102  0:000  PCI (00|00:1C.06) : 8086 A116 class=060400
0:102  0:000  PCI (00|00:1C.07) : 8086 A117 class=060400
0:102  0:000  PCI (00|00:1D.00) : 8086 A118 class=060400
0:102  0:000  PCI (00|09:00.00) : 144D A808 class=010802
0:102  0:000  PCI (00|00:1F.00) : 8086 A144 class=060100
0:103  0:000  PCI (00|00:1F.02) : 8086 A121 class=058000
0:103  0:000  PCI (00|00:1F.03) : 8086 A170 class=040300
0:103  0:000  PCI (00|00:1F.04) : 8086 A123 class=0C0500
0:103  0:000  PCI (00|00:1F.06) : 8086 15B8 class=020000
0:103  0:000   - LAN: 1 Vendor=Intel
0:103  0:000  === [ GetDefaultSettings ] ================================
0:103  0:000  Clover load options size = 0 bytes
0:112  0:009  EFI\CLOVER\config.plist loaded: Success
0:112  0:000  === [ GetListOfThemes ] ===================================
0:113  0:000  - [00]: embedded
0:116  0:003  - [00]: random
0:120  0:004  - [00]: tonymacx86
0:125  0:005  - [01]: christmas
0:131  0:005  - [02]: newyear
0:137  0:006  - [03]: clover-theme-minimal
0:144  0:006  === [ Found config plists ] ===============================
0:145  0:001  - config.plist
0:146  0:000  === [ GetEarlyUserSettings ] ==============================
0:146  0:000  timeout set to 3
0:146  0:000  Custom boot CUSTOM_BOOT_DISABLED (0x0)
0:146  0:000  KextsToPatch: 7 requested
0:146  0:000   - [00]: AppleAHCIPort (External icons patch) :: BinPatch :: data len: 8
0:146  0:000   - [01]: IOBluetoothFamily (10.11-BT4LE-Handoff-Hotspot-lisai9093) :: BinPatch :: data len: 8
0:146  0:000   - [02]: AppleUSBXHCIPCI (Change 15 port limit to 30 in AppleUSBXHCIPCI) :: BinPatch :: data len: 7
0:146  0:000   - [03]: AppleHDA (10.11-AppleHDA/Realtek ALC...) :: BinPatch :: data len: 4
0:146  0:000   - [04]: AppleHDA (10.9-10.11-AppleHDA/Realtek ALC1150) :: BinPatch :: data len: 4
0:146  0:000   - [05]: AppleHDA (AppleHDA/Resources/xml>zml) :: BinPatch :: data len: 6
0:146  0:000   - [06]: AppleUSBXHCIPCI (change 15 port lmit to 26 in XHCI kext) :: MatchOS: 10.12.x :: BinPatch :: data len: 7
0:146  0:000  Default theme: clover-theme-minimal
0:146  0:000  Hiding entries with string Windows
0:146  0:000  Hiding entries with string \EFI\BOOT\BOOTX64.EFI
0:146  0:000  === [ LoadDrivers ] =======================================
0:148  0:002  Loading AppleImageCodec-64.efi  status=Success
0:155  0:006  Loading AppleKeyAggregator-64.efi  status=Success
0:160  0:004  Loading AppleUITheme-64.efi  status=Success
0:164  0:004  Loading DataHubDxe-64.efi  status=Success
0:169  0:005  Loading EmuVariableUefi-64.efi  status=Success
0:173  0:003  EmuVariableUefi Initialize: VariableCommonInitialize = Success, orig services stored, install gEmuVariableControlProtocolGuid = Success
0:173  0:000  Loading FirmwareVolume-64.efi  status=Success
0:178  0:004  Loading FSInject-64.efi  status=Success
0:182  0:004  Loading OsxAptioFix2Drv-64.efi  status=Success
0:186  0:004  Loading SMCHelper-64.efi  status=Success
0:190  0:003  Loading VBoxHfs-64.efi  status=Success
0:194  0:004   - driver needs connecting
0:195  0:000  1 drivers needs connecting ...
0:195  0:000  PlatformDriverOverrideProtocol->GetDriver overriden
0:195  0:000  Searching for invalid DiskIo BY_DRIVER connects: not found, all ok
0:363  0:168  EmuVariable InstallEmulation: orig vars copied, emu.var.services installed, CreateEvent VirtualAddressChange = Success, CreateEvent ExitBootServices = Success, set Status=Success
0:436  0:073  === [ InitScreen ] ========================================
0:436  0:000  SetScreenResolution: 1920x1080 - setting Mode 6
0:476  0:039  Video mode change to mode #6: Success
0:476  0:000  Console modes reported: 6, available modes:
0:476  0:000   - [01]: 80x25
0:476  0:000   - [02]: 80x50
0:476  0:000   - [03]: 100x31
0:476  0:000   - [04]: 127x33 (current mode)
0:476  0:000   - [05]: 100x60
0:476  0:000   - [06]: 120x50
0:476  0:000  SetScreenResolution: 1920x1080 - already set
0:476  0:000  reinit: self device path=PciRoot(0x0)\Pci(0x17,0x0)\Sata(0x1,0xFFFF,0x0)\HD(1,GPT,D1D981DC-63C8-4BC6-BACB-4132F9364A1A,0x28,0x64000)
0:478  0:002  Using embedded font: Success
0:479  0:000  === [ GetMacAddress ] =====================================
0:479  0:000  === [ ScanSPD ] ===========================================
0:479  0:000  SMBus device : 8086 A123 class=0C0500 status=Success
0:479  0:000  SMBus CmdReg: 0x1
0:479  0:000  Scanning SMBus [8086:A123], mmio: 0xEFE4A004, ioport: 0xF000, hostc: 0x11
0:479  0:000  Slots to scan [8]...
0:479  0:000  SPD[0]: Type 12 @0x50
0:497  0:017  DDR speed 2134MHz
0:497  0:000  Slot: 0 Type 26 16384MB 2134MHz Vendor=Crucial Technology PartNo=CT16G4DFD8213.C16FBD SerialNo=0A04010B010F020B
0:498  0:000  SPD[2]: Type 12 @0x52
0:516  0:017  DDR speed 2134MHz
0:516  0:000  Slot: 2 Type 26 16384MB 2134MHz Vendor=Crucial Technology PartNo=CT16G4DFD8213.C16FBD SerialNo=0A04010B010F020E
0:516  0:000  === [ GetAcpiTablesList ] =================================
0:516  0:000  Get Acpi Tables List from RSDT:
0:516  0:000   - [00]: FACP  A M I  len=132
0:516  0:000   - [01]: APIC  A M I  len=132
0:516  0:000   - [02]: FPDT  A M I  len=68
0:516  0:000   - [03]: MCFG  A M I  len=60
0:516  0:000   - [04]: FIDT  A M I len=156
0:516  0:000   - [05]: SSDT  SaSsdt  len=12628
0:516  0:000   - [06]: SSDT  PegSsdt len=9540
0:516  0:000   - [07]: HPET  SKL len=56
0:516  0:000   - [08]: SSDT  Ther_Rvp len=3643
0:516  0:000   - [09]: SSDT  xh_rvp10 len=10967
0:516  0:000   - [10]: UEFI  EDK2     len=66
0:516  0:000   - [11]: SSDT  CpuSsdt len=3806
0:516  0:000   - [12]: LPIT  SKL len=148
0:516  0:000   - [13]: WSMT  SKL len=40
0:516  0:000   - [14]: SSDT  sensrhub len=671
0:516  0:000   - [15]: SSDT  PtidDevc len=12290
0:516  0:000   - [16]: DBGP   len=52
0:516  0:000   - [17]: DBG2   len=84
0:516  0:000   - [18]: BGRT  A M I  len=56
0:516  0:000  Calibrated TSC Frequency = 3192437130 = 3192MHz
0:517  0:000  === [ GetUserSettings ] ===================================
0:517  0:000  USB FixOwnership: no
0:517  0:000   - final DSDT Fix mask=00000000
0:517  0:000  PatchesDSDT: 1 requested
0:517  0:000   - [00]: (Rename HDAS to HDEF) lenToFind: 4, lenToReplace: 4, Target Bridge: <null string>
0:517  0:000  Using ProductName from config: iMac17,1
0:517  0:000  Using latest BiosVersion from clover
0:517  0:000  BiosVersion: IM171.88Z.0148.B00.1712211710
0:517  0:000  BiosReleaseDate: 12/21/2017
0:517  0:000  Using FirmwareFeatures from config: 0xFC0FE136
0:517  0:000  Using FirmwareFeaturesMask from config: 0xFF1FFF3F
0:517  0:000  Board-ID set from config as Mac-B809C3757DA9BB8D
0:517  0:000  BoardType: 0xA
0:517  0:000  ChassisType: 0x9
0:911  0:394  === [ ScanVolumes ] =======================================
0:911  0:000  Found 15 volumes with blockIO
0:911  0:000  - [00]: Volume: PciRoot(0x0)\Pci(0x14,0x0)\USB(0x5,0x0)
0:912  0:001          USB volume
0:912  0:000  - [01]: Volume: PciRoot(0x0)\Pci(0x14,0x0)\USB(0x5,0x0)\HD(1,GPT,E79346A9-64ED-494D-8E70-C9CC17C02719,0x28,0x64000)
0:914  0:001          Result of bootcode detection: bootable unknown (legacy)
0:914  0:000          USB volume
0:920  0:006  - [02]: Volume: PciRoot(0x0)\Pci(0x14,0x0)\USB(0x5,0x0)\HD(2,GPT,32B7B2C9-D709-4EAD-971E-1ED91153B46C,0x64028,0x1D2BFB0)
0:921  0:001          USB volume
0:921  0:000  - [03]: Volume: PciRoot(0x0)\Pci(0x17,0x0)\Sata(0x1,0xFFFF,0x0)
0:922  0:000  - [04]: Volume: PciRoot(0x0)\Pci(0x17,0x0)\Sata(0x3,0xFFFF,0x0)
0:924  0:002  - [05]: Volume: PciRoot(0x0)\Pci(0x17,0x0)\Sata(0x1,0xFFFF,0x0)\HD(1,GPT,D1D981DC-63C8-4BC6-BACB-4132F9364A1A,0x28,0x64000)
0:924  0:000          Result of bootcode detection: bootable unknown (legacy)
0:926  0:001          This is SelfVolume !!
0:926  0:000  - [06]: Volume: PciRoot(0x0)\Pci(0x17,0x0)\Sata(0x1,0xFFFF,0x0)\HD(2,GPT,2CB6248E-0ADF-4925-9437-3FC7A388206B,0x64028,0x77223340)
0:926  0:000  - [07]: Volume: PciRoot(0x0)\Pci(0x17,0x0)\Sata(0x1,0xFFFF,0x0)\HD(3,GPT,3BACB721-2648-4A8C-8C20-E54EC22127ED,0x77287368,0x135F20)
0:927  0:000  - [08]: Volume: PciRoot(0x0)\Pci(0x17,0x0)\Sata(0x3,0xFFFF,0x0)\HD(1,GPT,70F94D58-2693-4F13-8F7A-39E05619581B,0x28,0x64000)
0:928  0:000          Result of bootcode detection: bootable unknown (legacy)
0:929  0:001  - [09]: Volume: PciRoot(0x0)\Pci(0x17,0x0)\Sata(0x3,0xFFFF,0x0)\HD(2,GPT,C8FED8C5-7E22-4BEB-BF40-14C1E29B58DA,0x64800,0x8000)
0:930  0:000  - [10]: Volume: PciRoot(0x0)\Pci(0x17,0x0)\Sata(0x3,0xFFFF,0x0)\HD(3,GPT,68E29678-A569-4F8E-9FEF-6BB3A2D27DE6,0x6C800,0x1D159000)
0:930  0:000          Result of bootcode detection: bootable Windows (vista,win)
0:930  0:000  - [11]: Volume: PciRoot(0x0)\Pci(0x1D,0x0)\Pci(0x0,0x0)\NVMe(0x1,5D-4C-B3-81-59-38-25-00)
0:930  0:000  - [12]: Volume: PciRoot(0x0)\Pci(0x1D,0x0)\Pci(0x0,0x0)\NVMe(0x1,5D-4C-B3-81-59-38-25-00)\HD(1,GPT,5E1B4D61-8055-4C72-AF37-9375FB7E674F,0x28,0x64000)
0:930  0:000          Result of bootcode detection: bootable unknown (legacy)
0:931  0:000  - [13]: Volume: PciRoot(0x0)\Pci(0x1D,0x0)\Pci(0x0,0x0)\NVMe(0x1,5D-4C-B3-81-59-38-25-00)\HD(2,GPT,12153605-8C8D-4811-85C7-FF609E115335,0x64028,0x1D02BA00)
0:931  0:000  - [14]: Volume: PciRoot(0x0)\Pci(0x1D,0x0)\Pci(0x0,0x0)\NVMe(0x1,5D-4C-B3-81-59-38-25-00)\HD(3,GPT,614B37BB-B001-40A9-A838-E0372B8CDF8A,0x1D08FA28,0x135F20)
0:942  0:011  Loading nvram.plist from Vol 'EFI' - loaded, size=6937
0:961  0:018  === [ PutNvramPlistToRtVars ] =============================
0:961  0:000   Adding Key: Clover.Theme: Size = 20, Data: 63 6C 6F 76 65 72 2D 74 68 65 6D 65 2D 6D 69 6E 69 6D 61 6C 
0:961  0:000   Adding Key: EFILoginHiDPI: Size = 4, Data: 00 00 00 00 
0:961  0:000   Skipping EmuVariableUefiPresent
0:961  0:000   Adding Key: LocationServicesEnabled: Size = 1, Data: 01 
0:961  0:000   Adding Key: SystemAudioVolume: Size = 1, Data: 40 
0:961  0:000   Adding Key: SystemAudioVolumeDB: Size = 1, Data: EF 
0:961  0:000   Adding Key: bluetoothActiveControllerInfo: Size = 16, Data: 6F 21 5C 0A 00 00 00 00 80 14 18 4F 32 F3 19 9A 
0:961  0:000   Adding Key: bootercfg: Size = 2, Data: 28 00 
0:961  0:000   Adding Key: csr-active-config: Size = 4, Data: 03 00 00 00 
0:961  0:000   Adding Key: efi-apple-payload0: Size = 417, Data: 3C 61 72 72 61 79 3E 3C 64 69 63 74 3E 3C 6B 65 79 3E 49 4F 4D 61 74 63 68 3C 2F 6B 65 79 3E 3C 64 69 63 74 3E 3C 6B 65 79 3E 49 4F 50 72 6F 76 69 64 65 72 43 6C 61 73 73 3C 2F 6B 65 79 3E 3C 73 74 72 69 6E 67 3E 49 4F 4D 65 64 69 61 3C 2F 73 74 72 69 6E 67 3E 3C 6B 65 79 3E 49 4F 50 72 6F 70 65 72 74 79 4D 61 74 63 68 3C 2F 6B 65 79 3E 3C 64 69 63 74 3E 3C 6B 65 79 3E 55 55 49 44 3C 2F 6B 65 79 3E 3C 73 74 72 69 6E 67 3E 35 45 31 42 34 44 36 31 2D 38 30 35 35 2D 34 43 37 32 2D 41 46 33 37 2D 39 33 37 35 46 42 37 45 36 37 34 46 3C 2F 73 74 72 69 6E 67 3E 3C 2F 64 69 63 74 3E 3C 2F 64 69 63 74 3E 3C 6B 65 79 3E 42 4C 4C 61 73 74 42 53 44 4E 61 6D 65 3C 2F 6B 65 79 3E 3C 73 74 72 69 6E 67 3E 64 69 73 6B 30 73 31 3C 2F 73 74 72 69 6E 67 3E 3C 2F 64 69 63 74 3E 3C 64 69 63 74 3E 3C 6B 65 79 3E 49 4F 45 46 49 44 65 76 69 63 65 50 61 74 68 54 79 70 65 3C 2F 6B 65 79 3E 3C 73 74 72 69 6E 67 3E 4D 65 64 69 61 46 69 6C 65 50 61 74 68 3C 2F 73 74 72 69 6E 67 3E 3C 6B 65 79 3E 50 61 74 68 3C 2F 6B 65 79 3E 3C 73 74 72 69 6E 67 3E 5C 45 46 49 5C 41 50 50 4C 45 5C 55 50 44 41 54 45 52 53 5C 4D 55 4C 54 49 55 50 44 41 54 45 52 5C 53 6D 63 46 6C 61 73 68 65 72 2E 65 66 69 3C 2F 73 74 72 69 6E 67 3E 3C 2F 64 69 63 74 3E 3C 2F 61 72 72 61 79 3E 00 
0:961  0:000   Adding Key: efi-apple-payload0-data: Size = 186, Data: 02 01 0C 00 D0 41 03 0A 00 00 00 00 01 01 06 00 00 1D 01 01 06 00 00 00 03 16 10 00 01 00 00 00 00 25 38 59 81 B3 4C 5D 04 01 2A 00 01 00 00 00 28 00 00 00 00 00 00 00 00 40 06 00 00 00 00 00 61 4D 1B 5E 55 80 72 4C AF 37 93 75 FB 7E 67 4F 02 02 04 04 64 00 5C 00 45 00 46 00 49 00 5C 00 41 00 50 00 50 00 4C 00 45 00 5C 00 55 00 50 00 44 00 41 00 54 00 45 00 52 00 53 00 5C 00 4D 00 55 00 4C 00 54 00 49 00 55 00 50 00 44 00 41 00 54 00 45 00 52 00 5C 00 53 00 6D 00 63 00 46 00 6C 00 61 00 73 00 68 00 65 00 72 00 2E 00 65 00 66 00 69 00 00 00 7F FF 04 00 
0:961  0:000   Adding Key: efi-apple-payload1: Size = 427, Data: 3C 61 72 72 61 79 3E 3C 64 69 63 74 3E 3C 6B 65 79 3E 49 4F 4D 61 74 63 68 3C 2F 6B 65 79 3E 3C 64 69 63 74 3E 3C 6B 65 79 3E 49 4F 50 72 6F 76 69 64 65 72 43 6C 61 73 73 3C 2F 6B 65 79 3E 3C 73 74 72 69 6E 67 3E 49 4F 4D 65 64 69 61 3C 2F 73 74 72 69 6E 67 3E 3C 6B 65 79 3E 49 4F 50 72 6F 70 65 72 74 79 4D 61 74 63 68 3C 2F 6B 65 79 3E 3C 64 69 63 74 3E 3C 6B 65 79 3E 55 55 49 44 3C 2F 6B 65 79 3E 3C 73 74 72 69 6E 67 3E 35 45 31 42 34 44 36 31 2D 38 30 35 35 2D 34 43 37 32 2D 41 46 33 37 2D 39 33 37 35 46 42 37 45 36 37 34 46 3C 2F 73 74 72 69 6E 67 3E 3C 2F 64 69 63 74 3E 3C 2F 64 69 63 74 3E 3C 6B 65 79 3E 42 4C 4C 61 73 74 42 53 44 4E 61 6D 65 3C 2F 6B 65 79 3E 3C 73 74 72 69 6E 67 3E 64 69 73 6B 30 73 31 3C 2F 73 74 72 69 6E 67 3E 3C 2F 64 69 63 74 3E 3C 64 69 63 74 3E 3C 6B 65 79 3E 49 4F 45 46 49 44 65 76 69 63 65 50 61 74 68 54 79 70 65 3C 2F 6B 65 79 3E 3C 73 74 72 69 6E 67 3E 4D 65 64 69 61 46 69 6C 65 50 61 74 68 3C 2F 73 74 72 69 6E 67 3E 3C 6B 65 79 3E 50 61 74 68 3C 2F 6B 65 79 3E 3C 73 74 72 69 6E 67 3E 5C 45 46 49 5C 41 50 50 4C 45 5C 55 50 44 41 54 45 52 53 5C 4D 55 4C 54 49 55 50 44 41 54 45 52 5C 4D 61 63 2D 42 38 30 39 43 33 37 35 37 44 41 39 42 42 38 44 2E 73 6D 63 3C 2F 73 74 72 69 6E 67 3E 3C 2F 64 69 63 74 3E 3C 2F 61 72 72 61 79 3E 00 
0:961  0:000   Adding Key: efi-apple-payload1-data: Size = 206, Data: 02 01 0C 00 D0 41 03 0A 00 00 00 00 01 01 06 00 00 1D 01 01 06 00 00 00 03 16 10 00 01 00 00 00 00 25 38 59 81 B3 4C 5D 04 01 2A 00 01 00 00 00 28 00 00 00 00 00 00 00 00 40 06 00 00 00 00 00 61 4D 1B 5E 55 80 72 4C AF 37 93 75 FB 7E 67 4F 02 02 04 04 78 00 5C 00 45 00 46 00 49 00 5C 00 41 00 50 00 50 00 4C 00 45 00 5C 00 55 00 50 00 44 00 41 00 54 00 45 00 52 00 53 00 5C 00 4D 00 55 00 4C 00 54 00 49 00 55 00 50 00 44 00 41 00 54 00 45 00 52 00 5C 00 4D 00 61 00 63 00 2D 00 42 00 38 00 30 00 39 00 43 00 33 00 37 00 35 00 37 00 44 00 41 00 39 00 42 00 42 00 38 00 44 00 2E 00 73 00 6D 00 63 00 00 00 7F FF 04 00 
0:961  0:000   Adding Key: efi-apple-payload2: Size = 419, Data: 3C 61 72 72 61 79 3E 3C 64 69 63 74 3E 3C 6B 65 79 3E 49 4F 4D 61 74 63 68 3C 2F 6B 65 79 3E 3C 64 69 63 74 3E 3C 6B 65 79 3E 49 4F 50 72 6F 76 69 64 65 72 43 6C 61 73 73 3C 2F 6B 65 79 3E 3C 73 74 72 69 6E 67 3E 49 4F 4D 65 64 69 61 3C 2F 73 74 72 69 6E 67 3E 3C 6B 65 79 3E 49 4F 50 72 6F 70 65 72 74 79 4D 61 74 63 68 3C 2F 6B 65 79 3E 3C 64 69 63 74 3E 3C 6B 65 79 3E 55 55 49 44 3C 2F 6B 65 79 3E 3C 73 74 72 69 6E 67 3E 35 45 31 42 34 44 36 31 2D 38 30 35 35 2D 34 43 37 32 2D 41 46 33 37 2D 39 33 37 35 46 42 37 45 36 37 34 46 3C 2F 73 74 72 69 6E 67 3E 3C 2F 64 69 63 74 3E 3C 2F 64 69 63 74 3E 3C 6B 65 79 3E 42 4C 4C 61 73 74 42 53 44 4E 61 6D 65 3C 2F 6B 65 79 3E 3C 73 74 72 69 6E 67 3E 64 69 73 6B 30 73 31 3C 2F 73 74 72 69 6E 67 3E 3C 2F 64 69 63 74 3E 3C 64 69 63 74 3E 3C 6B 65 79 3E 49 4F 45 46 49 44 65 76 69 63 65 50 61 74 68 54 79 70 65 3C 2F 6B 65 79 3E 3C 73 74 72 69 6E 67 3E 4D 65 64 69 61 46 69 6C 65 50 61 74 68 3C 2F 73 74 72 69 6E 67 3E 3C 6B 65 79 3E 50 61 74 68 3C 2F 6B 65 79 3E 3C 73 74 72 69 6E 67 3E 5C 45 46 49 5C 41 50 50 4C 45 5C 55 50 44 41 54 45 52 53 5C 4D 55 4C 54 49 55 50 44 41 54 45 52 5C 66 6C 61 73 68 65 72 5F 62 61 73 65 2E 73 6D 63 3C 2F 73 74 72 69 6E 67 3E 3C 2F 64 69 63 74 3E 3C 2F 61 72 72 61 79 3E 00 
0:961  0:000   Adding Key: efi-apple-payload2-data: Size = 190, Data: 02 01 0C 00 D0 41 03 0A 00 00 00 00 01 01 06 00 00 1D 01 01 06 00 00 00 03 16 10 00 01 00 00 00 00 25 38 59 81 B3 4C 5D 04 01 2A 00 01 00 00 00 28 00 00 00 00 00 00 00 00 40 06 00 00 00 00 00 61 4D 1B 5E 55 80 72 4C AF 37 93 75 FB 7E 67 4F 02 02 04 04 68 00 5C 00 45 00 46 00 49 00 5C 00 41 00 50 00 50 00 4C 00 45 00 5C 00 55 00 50 00 44 00 41 00 54 00 45 00 52 00 53 00 5C 00 4D 00 55 00 4C 00 54 00 49 00 55 00 50 00 44 00 41 00 54 00 45 00 52 00 5C 00 66 00 6C 00 61 00 73 00 68 00 65 00 72 00 5F 00 62 00 61 00 73 00 65 00 2E 00 73 00 6D 00 63 00 00 00 7F FF 04 00 
0:961  0:000   Adding Key: efi-apple-payload3: Size = 421, Data: 3C 61 72 72 61 79 3E 3C 64 69 63 74 3E 3C 6B 65 79 3E 49 4F 4D 61 74 63 68 3C 2F 6B 65 79 3E 3C 64 69 63 74 3E 3C 6B 65 79 3E 49 4F 50 72 6F 76 69 64 65 72 43 6C 61 73 73 3C 2F 6B 65 79 3E 3C 73 74 72 69 6E 67 3E 49 4F 4D 65 64 69 61 3C 2F 73 74 72 69 6E 67 3E 3C 6B 65 79 3E 49 4F 50 72 6F 70 65 72 74 79 4D 61 74 63 68 3C 2F 6B 65 79 3E 3C 64 69 63 74 3E 3C 6B 65 79 3E 55 55 49 44 3C 2F 6B 65 79 3E 3C 73 74 72 69 6E 67 3E 35 45 31 42 34 44 36 31 2D 38 30 35 35 2D 34 43 37 32 2D 41 46 33 37 2D 39 33 37 35 46 42 37 45 36 37 34 46 3C 2F 73 74 72 69 6E 67 3E 3C 2F 64 69 63 74 3E 3C 2F 64 69 63 74 3E 3C 6B 65 79 3E 42 4C 4C 61 73 74 42 53 44 4E 61 6D 65 3C 2F 6B 65 79 3E 3C 73 74 72 69 6E 67 3E 64 69 73 6B 30 73 31 3C 2F 73 74 72 69 6E 67 3E 3C 2F 64 69 63 74 3E 3C 64 69 63 74 3E 3C 6B 65 79 3E 49 4F 45 46 49 44 65 76 69 63 65 50 61 74 68 54 79 70 65 3C 2F 6B 65 79 3E 3C 73 74 72 69 6E 67 3E 4D 65 64 69 61 46 69 6C 65 50 61 74 68 3C 2F 73 74 72 69 6E 67 3E 3C 6B 65 79 3E 50 61 74 68 3C 2F 6B 65 79 3E 3C 73 74 72 69 6E 67 3E 5C 45 46 49 5C 41 50 50 4C 45 5C 55 50 44 41 54 45 52 53 5C 4D 55 4C 54 49 55 50 44 41 54 45 52 5C 66 6C 61 73 68 65 72 5F 75 70 64 61 74 65 2E 73 6D 63 3C 2F 73 74 72 69 6E 67 3E 3C 2F 64 69 63 74 3E 3C 2F 61 72 72 61 79 3E 00 
0:962  0:000   Adding Key: efi-apple-payload3-data: Size = 194, Data: 02 01 0C 00 D0 41 03 0A 00 00 00 00 01 01 06 00 00 1D 01 01 06 00 00 00 03 16 10 00 01 00 00 00 00 25 38 59 81 B3 4C 5D 04 01 2A 00 01 00 00 00 28 00 00 00 00 00 00 00 00 40 06 00 00 00 00 00 61 4D 1B 5E 55 80 72 4C AF 37 93 75 FB 7E 67 4F 02 02 04 04 6C 00 5C 00 45 00 46 00 49 00 5C 00 41 00 50 00 50 00 4C 00 45 00 5C 00 55 00 50 00 44 00 41 00 54 00 45 00 52 00 53 00 5C 00 4D 00 55 00 4C 00 54 00 49 00 55 00 50 00 44 00 41 00 54 00 45 00 52 00 5C 00 66 00 6C 00 61 00 73 00 68 00 65 00 72 00 5F 00 75 00 70 00 64 00 61 00 74 00 65 00 2E 00 73 00 6D 00 63 00 00 00 7F FF 04 00 
0:962  0:000   Adding Key: efi-apple-payload4: Size = 427, Data: 3C 61 72 72 61 79 3E 3C 64 69 63 74 3E 3C 6B 65 79 3E 49 4F 4D 61 74 63 68 3C 2F 6B 65 79 3E 3C 64 69 63 74 3E 3C 6B 65 79 3E 49 4F 50 72 6F 76 69 64 65 72 43 6C 61 73 73 3C 2F 6B 65 79 3E 3C 73 74 72 69 6E 67 3E 49 4F 4D 65 64 69 61 3C 2F 73 74 72 69 6E 67 3E 3C 6B 65 79 3E 49 4F 50 72 6F 70 65 72 74 79 4D 61 74 63 68 3C 2F 6B 65 79 3E 3C 64 69 63 74 3E 3C 6B 65 79 3E 55 55 49 44 3C 2F 6B 65 79 3E 3C 73 74 72 69 6E 67 3E 35 45 31 42 34 44 36 31 2D 38 30 35 35 2D 34 43 37 32 2D 41 46 33 37 2D 39 33 37 35 46 42 37 45 36 37 34 46 3C 2F 73 74 72 69 6E 67 3E 3C 2F 64 69 63 74 3E 3C 2F 64 69 63 74 3E 3C 6B 65 79 3E 42 4C 4C 61 73 74 42 53 44 4E 61 6D 65 3C 2F 6B 65 79 3E 3C 73 74 72 69 6E 67 3E 64 69 73 6B 30 73 31 3C 2F 73 74 72 69 6E 67 3E 3C 2F 64 69 63 74 3E 3C 64 69 63 74 3E 3C 6B 65 79 3E 49 4F 45 46 49 44 65 76 69 63 65 50 61 74 68 54 79 70 65 3C 2F 6B 65 79 3E 3C 73 74 72 69 6E 67 3E 4D 65 64 69 61 46 69 6C 65 50 61 74 68 3C 2F 73 74 72 69 6E 67 3E 3C 6B 65 79 3E 50 61 74 68 3C 2F 6B 65 79 3E 3C 73 74 72 69 6E 67 3E 5C 45 46 49 5C 41 50 50 4C 45 5C 55 50 44 41 54 45 52 53 5C 4D 55 4C 54 49 55 50 44 41 54 45 52 5C 4D 61 63 2D 42 38 30 39 43 33 37 35 37 44 41 39 42 42 38 44 2E 65 70 6D 3C 2F 73 74 72 69 6E 67 3E 3C 2F 64 69 63 74 3E 3C 2F 61 72 72 61 79 3E 00 
0:962  0:000   Adding Key: efi-apple-payload4-data: Size = 206, Data: 02 01 0C 00 D0 41 03 0A 00 00 00 00 01 01 06 00 00 1D 01 01 06 00 00 00 03 16 10 00 01 00 00 00 00 25 38 59 81 B3 4C 5D 04 01 2A 00 01 00 00 00 28 00 00 00 00 00 00 00 00 40 06 00 00 00 00 00 61 4D 1B 5E 55 80 72 4C AF 37 93 75 FB 7E 67 4F 02 02 04 04 78 00 5C 00 45 00 46 00 49 00 5C 00 41 00 50 00 50 00 4C 00 45 00 5C 00 55 00 50 00 44 00 41 00 54 00 45 00 52 00 53 00 5C 00 4D 00 55 00 4C 00 54 00 49 00 55 00 50 00 44 00 41 00 54 00 45 00 52 00 5C 00 4D 00 61 00 63 00 2D 00 42 00 38 00 30 00 39 00 43 00 33 00 37 00 35 00 37 00 44 00 41 00 39 00 42 00 42 00 38 00 44 00 2E 00 65 00 70 00 6D 00 00 00 7F FF 04 00 
0:962  0:000   Adding Key: fakesmc-key-#KEY-ui32: Size = 4, Data: 00 00 00 11 
0:962  0:000   Adding Key: fakesmc-key-$Adr-ui32: Size = 4, Data: 00 00 03 00 
0:962  0:000   Adding Key: fakesmc-key-$Num-ui8: Size = 1, Data: 01 
0:962  0:000   Adding Key: fakesmc-key-BATP-flag: Size = 1, Data: 00 
0:962  0:000   Adding Key: fakesmc-key-BEMB-flag: Size = 1, Data: 00 
0:962  0:000   Adding Key: fakesmc-key-BNum-ui8: Size = 1, Data: 00 
0:962  0:000   Adding Key: fakesmc-key-EPCI-ui32: Size = 4, Data: 08 C0 F0 00 
0:962  0:000   Adding Key: fakesmc-key-MSAc-ui16: Size = 2, Data: 00 00 
0:962  0:000   Adding Key: fakesmc-key-MSFW-ui8: Size = 2, Data: 01 00 
0:962  0:000   Adding Key: fakesmc-key-MSLD-ui8: Size = 1, Data: 00 
0:962  0:000   Adding Key: fakesmc-key-MSPS-ui16: Size = 2, Data: 00 03 
0:962  0:000   Adding Key: fakesmc-key-MSTc-ui8: Size = 1, Data: 00 
0:962  0:000   Adding Key: fakesmc-key-MSWr-ui8: Size = 1, Data: 00 
0:962  0:000   Adding Key: fakesmc-key-RBr -ch8*: Size = 8, Data: 6A 39 35 6A 39 35 61 00 
0:962  0:000   Adding Key: fakesmc-key-REV -ch8*: Size = 6, Data: 02 33 0F 00 00 10 
0:962  0:000   Adding Key: fakesmc-key-RMde-char: Size = 1, Data: 41 
0:962  0:000   Adding Key: fakesmc-key-RPlt-ch8*: Size = 8, Data: 6A 39 35 00 00 00 00 00 
0:962  0:000   Adding Key: flagstate: Size = 32, Data: 00 00 00 00 00 00 00 00 00 00 00 00 00 00 00 00 00 00 00 00 00 00 00 00 00 00 00 00 00 00 00 00 
0:962  0:000   Adding Key: fmm-computer-name: Size = 6, Data: 65 78 6D 6F 6F 72 
0:962  0:000   Adding Key: nvda_drv: Size = 2, Data: 31 00 
0:962  0:000   Adding Key: prev-lang:kbd: Size = 4, Data: 65 6E 3A 30 
0:962  0:000   Adding Key: security-mode: String: Size = 4, Val = 'none'
0:962  0:000   Adding Key: specialbootdevice: Size = 74, Data: 02 01 0C 00 D0 41 03 0A 00 00 00 00 01 01 06 00 00 17 03 12 0A 00 01 00 FF FF 00 00 04 01 2A 00 02 00 00 00 28 40 06 00 00 00 00 00 40 33 22 77 00 00 00 00 8E 24 B6 2C DF 0A 25 49 94 37 3F C7 A3 88 20 6B 02 02 7F FF 04 00 
0:962  0:000  === [ InitTheme ] =========================================
0:971  0:009  Using theme 'clover-theme-minimal' (EFI\CLOVER\themes\clover-theme-minimal)
0:971  0:000  theme clover-theme-minimal defined in NVRAM found and theme.plist parsed
0:971  0:000  OS main and drive as badge
0:975  0:004  Loading font from ThemeDir: Success
0:976  0:000  Choosing theme clover-theme-minimal
0:976  0:000  after NVRAM boot-args=-v dart=0
0:976  0:000  Scanning legacy ...
0:976  0:000  10: 'Legacy HD3' (vista,win) add legacy
0:982  0:006          [!] Icon 18 (icons\vol_internal_ntfs.icns) not found (path: EFI\CLOVER\themes\clover-theme-minimal)
0:983  0:000   added 'Boot Windows from Legacy HD3' OSType=2 Icon=vista,win
0:983  0:000  === [ Dump SMC keys from NVRAM ] ==========================
0:983  0:000  found AppleSMC protocol
0:983  0:000  Registered 17 SMC keys
0:983  0:000  === [ ScanLoader ] ========================================
0:983  0:000  - [01]: 'EFI'
0:987  0:003  - [02]: 'Install macOS Catalina'
0:987  0:000  - [05]: 'EFI'
1:003  0:015  - [06]: 'Vik'
1:003  0:000  - [07]: 'Recovery HD'
1:004  0:000          AddLoaderEntry for Volume Name=Recovery HD
1:009  0:005          [!] Icon 20 (icons\vol_recovery.icns) not found (path: EFI\CLOVER\themes\clover-theme-minimal)
1:012  0:003  - [08]: 'EFI'
1:028  0:016          AddLoaderEntry for Volume Name=EFI
1:037  0:008  - [12]: 'EFI'
1:039  0:001  - [13]: 'Keswick'
1:040  0:001          AddLoaderEntry for Volume Name=Keswick
1:041  0:001      Check if volume Is Hibernated:
1:041  0:000      Check sleep image 'by signature':
1:044  0:002      read prefs \Library\Preferences\com.apple.PowerManagement.plist status=Success
1:044  0:000      using default sleep image name = \private\var\vm\sleepimage
1:045  0:001      no valid sleep image offset was found
1:045  0:000       sleepimage offset could not be acquired
1:045  0:000      hibernated: no - sign
1:048  0:003          [!] Icon 17 (icons\vol_internal_hfs.icns) not found (path: EFI\CLOVER\themes\clover-theme-minimal)
1:052  0:003  - [14]: 'Recovery HD'
1:052  0:000          AddLoaderEntry for Volume Name=Recovery HD
1:058  0:005  === [ AddCustomTool ] =====================================
1:061  0:003  found tool \EFI\CLOVER\tools\Shell64U.efi
1:061  0:000  Checking EFI partition Volume 1 for Clover
1:067  0:005   Found Clover
1:069  0:002  EmuVariable UninstallEmulation: CloseEvent = Success, original var services restored
1:078  0:008  EmuVariable InstallEmulation: orig vars copied, emu.var.services installed, CreateEvent VirtualAddressChange = Success, CreateEvent ExitBootServices = Success, set Status=Success
1:151  0:073  === [ GetEfiBootDeviceFromNvram ] =========================
1:151  0:000  Default boot entry not found
1:151  0:000  EmuVariable UninstallEmulation: CloseEvent = Success, original var services restored
1:151  0:000  DefaultIndex=-1 and MainMenu.EntryCount=11
1:447  0:295  GUI ready
5:641  4:194  Found BIOS RSDP at F05B0
5:641  0:000  Printing ACPI tables from RSDP F05B0 ...
5:641  0:000   F05B0: 'RSD PTR ', Rev: 0 (Acpi 1.0), Len: 20
5:641  0:000    (Rsdt: BEE0B028)
5:641  0:000    BEE0B028: 'RSDT', 'A M I', Rev: 1, Len: 112
5:641  0:000    Tables in Rsdt: 19
5:641  0:000    0. BEE0B168: 'FACP', 'A M I', Rev: 2, Len: 132
5:641  0:000        (Dsdt: BEE0B1F0, Facs: BF1B9C00)
5:641  0:000        BEE0B1F0: 'DSDT', 'A M I', Rev: 2, Len: 164023
5:643  0:002        BF1B9C00: 'FACS', Ver: 0, Len: 64
5:643  0:000    1. BEE333C0: 'APIC', 'A M I', Rev: 3, Len: 132
5:643  0:000    2. BEE33448: 'FPDT', 'A M I', Rev: 1, Len: 68
5:643  0:000    3. BEE33490: 'MCFG', 'A M I', Rev: 1, Len: 60
5:643  0:000    4. BEE334D0: 'FIDT', 'A M I', Rev: 1, Len: 156
5:643  0:000    5. BEE33570: 'SSDT', 'SaSsdt', Rev: 2, Len: 12628
5:643  0:000    6. BEE366C8: 'SSDT', 'PegSsdt', Rev: 2, Len: 9540
5:643  0:000    7. BEE38C10: 'HPET', 'SKL', Rev: 1, Len: 56
5:643  0:000    8. BEE38C48: 'SSDT', 'Ther_Rvp', Rev: 2, Len: 3643
5:643  0:000    9. BEE39A88: 'SSDT', 'xh_rvp10', Rev: 2, Len: 10967
5:643  0:000    10. BEE3C560: 'UEFI', 'EDK2', Rev: 1, Len: 66
5:643  0:000    11. BEE3C5A8: 'SSDT', 'CpuSsdt', Rev: 2, Len: 3806
5:643  0:000    12. BEE3D488: 'LPIT', 'SKL', Rev: 1, Len: 148
5:643  0:000    13. BEE3D520: 'WSMT', 'SKL', Rev: 1, Len: 40
5:643  0:000    14. BEE3D548: 'SSDT', 'sensrhub', Rev: 2, Len: 671
5:643  0:000    15. BEE3D7E8: 'SSDT', 'PtidDevc', Rev: 2, Len: 12290
5:643  0:000    16. BEE407F0: 'DBGP', '', Rev: 1, Len: 52
5:643  0:000    17. BEE40828: 'DBG2', '', Rev: 0, Len: 84
5:643  0:000    18. BEE40880: 'BGRT', 'A M I', Rev: 1, Len: 56
5:643  0:000  Found UEFI Acpi 2.0 RSDP at BEE0B000
5:643  0:000  Saving ACPI tables from RSDP BEE0B000 to EFI\CLOVER\ACPI\origin ...
5:643  0:000   BEE0B000: 'RSD PTR ', Rev: 2 (Acpi 2.0 or newer), Len: 36 -> RSDP.aml
5:679  0:035    (Xsdt: BEE0B0A0, Rsdt: BEE0B028)
5:679  0:000    BEE0B0A0: 'XSDT', 'A M I', Rev: 1, Len: 188 -> XSDT.aml
5:705  0:026    BEE0B028: 'RSDT', 'A M I', Rev: 1, Len: 112 -> RSDT.aml
5:730  0:025    Tables in Xsdt: 19
5:730  0:000    0. BEE332A8: 'FACP', 'A M I', Rev: 6, Len: 276 -> FACP.aml
5:756  0:025        (Dsdt: BEE0B1F0, Facs: BF1B9C40, XDsdt: BEE0B1F0, XFacs: 0)
5:756  0:000        BEE0B1F0: 'DSDT', 'A M I', Rev: 2, Len: 164023 -> DSDT.aml
5:786  0:029        BF1B9C40: 'FACS', Ver: 2, Len: 64 -> FACS.aml
5:812  0:026    1. BEE333C0: 'APIC', 'A M I', Rev: 3, Len: 132 -> APIC.aml
5:839  0:026    2. BEE33448: 'FPDT', 'A M I', Rev: 1, Len: 68 -> FPDT.aml
5:865  0:026    3. BEE33490: 'MCFG', 'A M I', Rev: 1, Len: 60 -> MCFG.aml
5:894  0:029    4. BEE334D0: 'FIDT', 'A M I', Rev: 1, Len: 156 -> FIDT.aml
5:920  0:025    5. BEE33570: 'SSDT', 'SaSsdt', Rev: 2, Len: 12628 -> SSDT-0-SaSsdt.aml
5:948  0:028    6. BEE366C8: 'SSDT', 'PegSsdt', Rev: 2, Len: 9540 -> SSDT-1-PegSsdt.aml
5:982  0:033    7. BEE38C10: 'HPET', 'SKL', Rev: 1, Len: 56 -> HPET.aml
6:008  0:026    8. BEE38C48: 'SSDT', 'Ther_Rvp', Rev: 2, Len: 3643 -> SSDT-2-Ther_Rvp.aml
6:036  0:028    9. BEE39A88: 'SSDT', 'xh_rvp10', Rev: 2, Len: 10967 -> SSDT-3-xh_rvp10.aml
6:064  0:028    10. BEE3C560: 'UEFI', 'EDK2', Rev: 1, Len: 66 -> UEFI.aml
6:092  0:027    11. BEE3C5A8: 'SSDT', 'CpuSsdt', Rev: 2, Len: 3806 -> SSDT-4-CpuSsdt.aml (Found hidden SSDT 7 pcs)
6:122  0:029        * BE960398: 'SSDT', 'Cpu0Ist', Rev: 2, Len: 1749  53 53 44 54 D5 06 00 00 02 D0 50 6D 52 65 66 00 Internal length = 1749 -> SSDT-x4_0-Cpu0Ist.aml
6:149  0:027        * BE936018: 'SSDT', 'ApIst', Rev: 2, Len: 1628  53 53 44 54 5C 06 00 00 02 AF 50 6D 52 65 66 00 Internal length = 1628 -> SSDT-x4_1-ApIst.aml
6:177  0:027        * BE936898: 'SSDT', 'Cpu0Cst', Rev: 2, Len: 1023  53 53 44 54 FF 03 00 00 02 AF 50 6D 52 65 66 00 Internal length = 1023 -> SSDT-x4_2-Cpu0Cst.aml
6:204  0:027        * BE936DD8: 'SSDT', 'ApCst', Rev: 2, Len: 394  53 53 44 54 8A 01 00 00 02 39 50 6D 52 65 66 00 Internal length = 394 -> SSDT-x4_3-ApCst.aml
6:231  0:027        * BB95BE58: 'SSDT', 'Cpu0Hwp', Rev: 2, Len: 277  53 53 44 54 15 01 00 00 02 AE 50 6D 52 65 66 00 Internal length = 277 -> SSDT-x4_4-Cpu0Hwp.aml
6:261  0:029        * BB960298: 'SSDT', 'ApHwp', Rev: 2, Len: 407  53 53 44 54 97 01 00 00 02 F1 50 6D 52 65 66 00 Internal length = 407 -> SSDT-x4_5-ApHwp.aml
6:289  0:027        * BB957018: 'SSDT', 'HwpLvt', Rev: 2, Len: 420  53 53 44 54 A4 01 00 00 02 3C 50 6D 52 65 66 00 Internal length = 420 -> SSDT-x4_6-HwpLvt.aml
6:316  0:027  
6:316  0:000    12. BEE3D488: 'LPIT', 'SKL', Rev: 1, Len: 148 -> LPIT.aml
6:343  0:026    13. BEE3D520: 'WSMT', 'SKL', Rev: 1, Len: 40 -> WSMT.aml
6:371  0:027    14. BEE3D548: 'SSDT', 'sensrhub', Rev: 2, Len: 671 -> SSDT-5-sensrhub.aml
6:399  0:028    15. BEE3D7E8: 'SSDT', 'PtidDevc', Rev: 2, Len: 12290 -> SSDT-6-PtidDevc.aml
6:426  0:027    16. BEE407F0: 'DBGP', '', Rev: 1, Len: 52 -> DBGP.aml
6:466  0:039    17. BEE40828: 'DBG2', '', Rev: 0, Len: 84 -> DBG2.aml
6:493  0:026    18. BEE40880: 'BGRT', 'A M I', Rev: 1, Len: 56 -> BGRT.aml
6:519  0:026    Tables in Rsdt: 19
6:519  0:000    0. BEE0B168: 'FACP', 'A M I', Rev: 2, Len: 132 -> RSDT-FACP.aml
6:548  0:028        (Dsdt: BEE0B1F0, Facs: BF1B9C00)
6:548  0:000        BEE0B1F0: 'DSDT', 'A M I', Rev: 2, Len: 164023
6:550  0:002        BF1B9C00: 'FACS', Ver: 0, Len: 64 -> RSDT-FACS.aml
6:577  0:026    1. BEE333C0: 'APIC', 'A M I', Rev: 3, Len: 132
6:577  0:000    2. BEE33448: 'FPDT', 'A M I', Rev: 1, Len: 68
6:577  0:000    3. BEE33490: 'MCFG', 'A M I', Rev: 1, Len: 60
6:577  0:000    4. BEE334D0: 'FIDT', 'A M I', Rev: 1, Len: 156
6:577  0:000    5. BEE33570: 'SSDT', 'SaSsdt', Rev: 2, Len: 12628
6:577  0:000    6. BEE366C8: 'SSDT', 'PegSsdt', Rev: 2, Len: 9540
6:577  0:000    7. BEE38C10: 'HPET', 'SKL', Rev: 1, Len: 56
6:577  0:000    8. BEE38C48: 'SSDT', 'Ther_Rvp', Rev: 2, Len: 3643
6:577  0:000    9. BEE39A88: 'SSDT', 'xh_rvp10', Rev: 2, Len: 10967
6:577  0:000    10. BEE3C560: 'UEFI', 'EDK2', Rev: 1, Len: 66
6:577  0:000    11. BEE3C5A8: 'SSDT', 'CpuSsdt', Rev: 2, Len: 3806
6:577  0:000    12. BEE3D488: 'LPIT', 'SKL', Rev: 1, Len: 148
6:577  0:000    13. BEE3D520: 'WSMT', 'SKL', Rev: 1, Len: 40
6:577  0:000    14. BEE3D548: 'SSDT', 'sensrhub', Rev: 2, Len: 671
6:577  0:000    15. BEE3D7E8: 'SSDT', 'PtidDevc', Rev: 2, Len: 12290
6:577  0:000    16. BEE407F0: 'DBGP', '', Rev: 1, Len: 52
6:577  0:000    17. BEE40828: 'DBG2', '', Rev: 0, Len: 84
6:577  0:000    18. BEE40880: 'BGRT', 'A M I', Rev: 1, Len: 56
6:577  0:000  Found UEFI Acpi 1.0 RSDP at BEE0B000
6:577  0:000  Printing ACPI tables from RSDP BEE0B000 ...
6:577  0:000   BEE0B000: 'RSD PTR ', Rev: 2 (Acpi 2.0 or newer), Len: 36
6:577  0:000    (Xsdt: BEE0B0A0, Rsdt: BEE0B028)
6:577  0:000    BEE0B0A0: 'XSDT', 'A M I', Rev: 1, Len: 188
6:577  0:000    BEE0B028: 'RSDT', 'A M I', Rev: 1, Len: 112
6:577  0:000    Tables in Xsdt: 19
6:577  0:000    0. BEE332A8: 'FACP', 'A M I', Rev: 6, Len: 276
6:577  0:000        (Dsdt: BEE0B1F0, Facs: BF1B9C40, XDsdt: BEE0B1F0, XFacs: 0)
6:577  0:000        BEE0B1F0: 'DSDT', 'A M I', Rev: 2, Len: 164023
6:579  0:002        BF1B9C40: 'FACS', Ver: 2, Len: 64
6:579  0:000    1. BEE333C0: 'APIC', 'A M I', Rev: 3, Len: 132
6:579  0:000    2. BEE33448: 'FPDT', 'A M I', Rev: 1, Len: 68
6:579  0:000    3. BEE33490: 'MCFG', 'A M I', Rev: 1, Len: 60
6:579  0:000    4. BEE334D0: 'FIDT', 'A M I', Rev: 1, Len: 156
6:579  0:000    5. BEE33570: 'SSDT', 'SaSsdt', Rev: 2, Len: 12628
6:579  0:000    6. BEE366C8: 'SSDT', 'PegSsdt', Rev: 2, Len: 9540
6:579  0:000    7. BEE38C10: 'HPET', 'SKL', Rev: 1, Len: 56
6:579  0:000    8. BEE38C48: 'SSDT', 'Ther_Rvp', Rev: 2, Len: 3643
6:579  0:000    9. BEE39A88: 'SSDT', 'xh_rvp10', Rev: 2, Len: 10967
6:579  0:000    10. BEE3C560: 'UEFI', 'EDK2', Rev: 1, Len: 66
6:579  0:000    11. BEE3C5A8: 'SSDT', 'CpuSsdt', Rev: 2, Len: 3806
6:579  0:000    12. BEE3D488: 'LPIT', 'SKL', Rev: 1, Len: 148
6:579  0:000    13. BEE3D520: 'WSMT', 'SKL', Rev: 1, Len: 40
6:579  0:000    14. BEE3D548: 'SSDT', 'sensrhub', Rev: 2, Len: 671
6:579  0:000    15. BEE3D7E8: 'SSDT', 'PtidDevc', Rev: 2, Len: 12290
6:579  0:000    16. BEE407F0: 'DBGP', '', Rev: 1, Len: 52
6:579  0:000    17. BEE40828: 'DBG2', '', Rev: 0, Len: 84
6:579  0:000    18. BEE40880: 'BGRT', 'A M I', Rev: 1, Len: 56
6:579  0:000    Tables in Rsdt: 19
6:579  0:000    0. BEE0B168: 'FACP', 'A M I', Rev: 2, Len: 132
6:579  0:000        (Dsdt: BEE0B1F0, Facs: BF1B9C00)
6:579  0:000        BEE0B1F0: 'DSDT', 'A M I', Rev: 2, Len: 164023
6:581  0:002        BF1B9C00: 'FACS', Ver: 0, Len: 64
6:581  0:000    1. BEE333C0: 'APIC', 'A M I', Rev: 3, Len: 132
6:581  0:000    2. BEE33448: 'FPDT', 'A M I', Rev: 1, Len: 68
6:581  0:000    3. BEE33490: 'MCFG', 'A M I', Rev: 1, Len: 60
6:581  0:000    4. BEE334D0: 'FIDT', 'A M I', Rev: 1, Len: 156
6:581  0:000    5. BEE33570: 'SSDT', 'SaSsdt', Rev: 2, Len: 12628
6:581  0:000    6. BEE366C8: 'SSDT', 'PegSsdt', Rev: 2, Len: 9540
6:581  0:000    7. BEE38C10: 'HPET', 'SKL', Rev: 1, Len: 56
6:581  0:000    8. BEE38C48: 'SSDT', 'Ther_Rvp', Rev: 2, Len: 3643
6:581  0:000    9. BEE39A88: 'SSDT', 'xh_rvp10', Rev: 2, Len: 10967
6:581  0:000    10. BEE3C560: 'UEFI', 'EDK2', Rev: 1, Len: 66
6:581  0:000    11. BEE3C5A8: 'SSDT', 'CpuSsdt', Rev: 2, Len: 3806
6:581  0:000    12. BEE3D488: 'LPIT', 'SKL', Rev: 1, Len: 148
6:581  0:000    13. BEE3D520: 'WSMT', 'SKL', Rev: 1, Len: 40
6:581  0:000    14. BEE3D548: 'SSDT', 'sensrhub', Rev: 2, Len: 671
6:581  0:000    15. BEE3D7E8: 'SSDT', 'PtidDevc', Rev: 2, Len: 12290
6:581  0:000    16. BEE407F0: 'DBGP', '', Rev: 1, Len: 52
6:581  0:000    17. BEE40828: 'DBG2', '', Rev: 0, Len: 84
6:581  0:000    18. BEE40880: 'BGRT', 'A M I', Rev: 1, Len: 56
7:641  1:060  Found BIOS RSDP at F05B0
7:641  0:000  Printing ACPI tables from RSDP F05B0 ...
7:641  0:000   F05B0: 'RSD PTR ', Rev: 0 (Acpi 1.0), Len: 20
7:641  0:000    (Rsdt: BEE0B028)
7:641  0:000    BEE0B028: 'RSDT', 'A M I', Rev: 1, Len: 112
7:641  0:000    Tables in Rsdt: 19
7:641  0:000    0. BEE0B168: 'FACP', 'A M I', Rev: 2, Len: 132
7:641  0:000        (Dsdt: BEE0B1F0, Facs: BF1B9C00)
7:641  0:000        BEE0B1F0: 'DSDT', 'A M I', Rev: 2, Len: 164023
7:643  0:002        BF1B9C00: 'FACS', Ver: 0, Len: 64
7:643  0:000    1. BEE333C0: 'APIC', 'A M I', Rev: 3, Len: 132
7:643  0:000    2. BEE33448: 'FPDT', 'A M I', Rev: 1, Len: 68
7:643  0:000    3. BEE33490: 'MCFG', 'A M I', Rev: 1, Len: 60
7:643  0:000    4. BEE334D0: 'FIDT', 'A M I', Rev: 1, Len: 156
7:643  0:000    5. BEE33570: 'SSDT', 'SaSsdt', Rev: 2, Len: 12628
7:643  0:000    6. BEE366C8: 'SSDT', 'PegSsdt', Rev: 2, Len: 9540
7:643  0:000    7. BEE38C10: 'HPET', 'SKL', Rev: 1, Len: 56
7:643  0:000    8. BEE38C48: 'SSDT', 'Ther_Rvp', Rev: 2, Len: 3643
7:643  0:000    9. BEE39A88: 'SSDT', 'xh_rvp10', Rev: 2, Len: 10967
7:643  0:000    10. BEE3C560: 'UEFI', 'EDK2', Rev: 1, Len: 66
7:643  0:000    11. BEE3C5A8: 'SSDT', 'CpuSsdt', Rev: 2, Len: 3806
7:643  0:000    12. BEE3D488: 'LPIT', 'SKL', Rev: 1, Len: 148
7:643  0:000    13. BEE3D520: 'WSMT', 'SKL', Rev: 1, Len: 40
7:643  0:000    14. BEE3D548: 'SSDT', 'sensrhub', Rev: 2, Len: 671
7:643  0:000    15. BEE3D7E8: 'SSDT', 'PtidDevc', Rev: 2, Len: 12290
7:643  0:000    16. BEE407F0: 'DBGP', '', Rev: 1, Len: 52
7:643  0:000    17. BEE40828: 'DBG2', '', Rev: 0, Len: 84
7:643  0:000    18. BEE40880: 'BGRT', 'A M I', Rev: 1, Len: 56
7:643  0:000  Found UEFI Acpi 2.0 RSDP at BEE0B000
7:643  0:000  Saving ACPI tables from RSDP BEE0B000 to EFI\CLOVER\ACPI\origin ...
7:643  0:000   BEE0B000: 'RSD PTR ', Rev: 2 (Acpi 2.0 or newer), Len: 36
7:643  0:000    (Xsdt: BEE0B0A0, Rsdt: BEE0B028)
7:643  0:000    BEE0B0A0: 'XSDT', 'A M I', Rev: 1, Len: 188
7:643  0:000    BEE0B028: 'RSDT', 'A M I', Rev: 1, Len: 112
7:643  0:000    Tables in Xsdt: 19
7:643  0:000    0. BEE332A8: 'FACP', 'A M I', Rev: 6, Len: 276
7:643  0:000        (Dsdt: BEE0B1F0, Facs: BF1B9C40, XDsdt: BEE0B1F0, XFacs: 0)
7:643  0:000        BEE0B1F0: 'DSDT', 'A M I', Rev: 2, Len: 164023
7:645  0:002        BF1B9C40: 'FACS', Ver: 2, Len: 64
7:645  0:000    1. BEE333C0: 'APIC', 'A M I', Rev: 3, Len: 132
7:645  0:000    2. BEE33448: 'FPDT', 'A M I', Rev: 1, Len: 68
7:645  0:000    3. BEE33490: 'MCFG', 'A M I', Rev: 1, Len: 60
7:645  0:000    4. BEE334D0: 'FIDT', 'A M I', Rev: 1, Len: 156
7:645  0:000    5. BEE33570: 'SSDT', 'SaSsdt', Rev: 2, Len: 12628
7:645  0:000    6. BEE366C8: 'SSDT', 'PegSsdt', Rev: 2, Len: 9540
7:645  0:000    7. BEE38C10: 'HPET', 'SKL', Rev: 1, Len: 56
7:645  0:000    8. BEE38C48: 'SSDT', 'Ther_Rvp', Rev: 2, Len: 3643
7:645  0:000    9. BEE39A88: 'SSDT', 'xh_rvp10', Rev: 2, Len: 10967
7:645  0:000    10. BEE3C560: 'UEFI', 'EDK2', Rev: 1, Len: 66
7:645  0:000    11. BEE3C5A8: 'SSDT', 'CpuSsdt', Rev: 2, Len: 3806
7:645  0:000    12. BEE3D488: 'LPIT', 'SKL', Rev: 1, Len: 148
7:645  0:000    13. BEE3D520: 'WSMT', 'SKL', Rev: 1, Len: 40
7:645  0:000    14. BEE3D548: 'SSDT', 'sensrhub', Rev: 2, Len: 671
7:645  0:000    15. BEE3D7E8: 'SSDT', 'PtidDevc', Rev: 2, Len: 12290
7:645  0:000    16. BEE407F0: 'DBGP', '', Rev: 1, Len: 52
7:645  0:000    17. BEE40828: 'DBG2', '', Rev: 0, Len: 84
7:645  0:000    18. BEE40880: 'BGRT', 'A M I', Rev: 1, Len: 56
7:645  0:000    Tables in Rsdt: 19
7:645  0:000    0. BEE0B168: 'FACP', 'A M I', Rev: 2, Len: 132
7:645  0:000        (Dsdt: BEE0B1F0, Facs: BF1B9C00)
7:645  0:000        BEE0B1F0: 'DSDT', 'A M I', Rev: 2, Len: 164023
7:647  0:002        BF1B9C00: 'FACS', Ver: 0, Len: 64
7:647  0:000    1. BEE333C0: 'APIC', 'A M I', Rev: 3, Len: 132
7:647  0:000    2. BEE33448: 'FPDT', 'A M I', Rev: 1, Len: 68
7:647  0:000    3. BEE33490: 'MCFG', 'A M I', Rev: 1, Len: 60
7:647  0:000    4. BEE334D0: 'FIDT', 'A M I', Rev: 1, Len: 156
7:647  0:000    5. BEE33570: 'SSDT', 'SaSsdt', Rev: 2, Len: 12628
7:647  0:000    6. BEE366C8: 'SSDT', 'PegSsdt', Rev: 2, Len: 9540
7:647  0:000    7. BEE38C10: 'HPET', 'SKL', Rev: 1, Len: 56
7:647  0:000    8. BEE38C48: 'SSDT', 'Ther_Rvp', Rev: 2, Len: 3643
7:647  0:000    9. BEE39A88: 'SSDT', 'xh_rvp10', Rev: 2, Len: 10967
7:647  0:000    10. BEE3C560: 'UEFI', 'EDK2', Rev: 1, Len: 66
7:647  0:000    11. BEE3C5A8: 'SSDT', 'CpuSsdt', Rev: 2, Len: 3806
7:647  0:000    12. BEE3D488: 'LPIT', 'SKL', Rev: 1, Len: 148
7:647  0:000    13. BEE3D520: 'WSMT', 'SKL', Rev: 1, Len: 40
7:647  0:000    14. BEE3D548: 'SSDT', 'sensrhub', Rev: 2, Len: 671
7:647  0:000    15. BEE3D7E8: 'SSDT', 'PtidDevc', Rev: 2, Len: 12290
7:647  0:000    16. BEE407F0: 'DBGP', '', Rev: 1, Len: 52
7:647  0:000    17. BEE40828: 'DBG2', '', Rev: 0, Len: 84
7:647  0:000    18. BEE40880: 'BGRT', 'A M I', Rev: 1, Len: 56
7:647  0:000  Found UEFI Acpi 1.0 RSDP at BEE0B000
7:647  0:000  Printing ACPI tables from RSDP BEE0B000 ...
7:647  0:000   BEE0B000: 'RSD PTR ', Rev: 2 (Acpi 2.0 or newer), Len: 36
7:647  0:000    (Xsdt: BEE0B0A0, Rsdt: BEE0B028)
7:647  0:000    BEE0B0A0: 'XSDT', 'A M I', Rev: 1, Len: 188
7:647  0:000    BEE0B028: 'RSDT', 'A M I', Rev: 1, Len: 112
7:647  0:000    Tables in Xsdt: 19
7:647  0:000    0. BEE332A8: 'FACP', 'A M I', Rev: 6, Len: 276
7:647  0:000        (Dsdt: BEE0B1F0, Facs: BF1B9C40, XDsdt: BEE0B1F0, XFacs: 0)
7:647  0:000        BEE0B1F0: 'DSDT', 'A M I', Rev: 2, Len: 164023
7:649  0:002        BF1B9C40: 'FACS', Ver: 2, Len: 64
7:649  0:000    1. BEE333C0: 'APIC', 'A M I', Rev: 3, Len: 132
7:649  0:000    2. BEE33448: 'FPDT', 'A M I', Rev: 1, Len: 68
7:649  0:000    3. BEE33490: 'MCFG', 'A M I', Rev: 1, Len: 60
7:649  0:000    4. BEE334D0: 'FIDT', 'A M I', Rev: 1, Len: 156
7:649  0:000    5. BEE33570: 'SSDT', 'SaSsdt', Rev: 2, Len: 12628
7:649  0:000    6. BEE366C8: 'SSDT', 'PegSsdt', Rev: 2, Len: 9540
7:649  0:000    7. BEE38C10: 'HPET', 'SKL', Rev: 1, Len: 56
7:649  0:000    8. BEE38C48: 'SSDT', 'Ther_Rvp', Rev: 2, Len: 3643
7:649  0:000    9. BEE39A88: 'SSDT', 'xh_rvp10', Rev: 2, Len: 10967
7:649  0:000    10. BEE3C560: 'UEFI', 'EDK2', Rev: 1, Len: 66
7:649  0:000    11. BEE3C5A8: 'SSDT', 'CpuSsdt', Rev: 2, Len: 3806
7:649  0:000    12. BEE3D488: 'LPIT', 'SKL', Rev: 1, Len: 148
7:649  0:000    13. BEE3D520: 'WSMT', 'SKL', Rev: 1, Len: 40
7:649  0:000    14. BEE3D548: 'SSDT', 'sensrhub', Rev: 2, Len: 671
7:649  0:000    15. BEE3D7E8: 'SSDT', 'PtidDevc', Rev: 2, Len: 12290
7:649  0:000    16. BEE407F0: 'DBGP', '', Rev: 1, Len: 52
7:649  0:000    17. BEE40828: 'DBG2', '', Rev: 0, Len: 84
7:649  0:000    18. BEE40880: 'BGRT', 'A M I', Rev: 1, Len: 56
7:649  0:000    Tables in Rsdt: 19
7:649  0:000    0. BEE0B168: 'FACP', 'A M I', Rev: 2, Len: 132
7:649  0:000        (Dsdt: BEE0B1F0, Facs: BF1B9C00)
7:649  0:000        BEE0B1F0: 'DSDT', 'A M I', Rev: 2, Len: 164023
7:651  0:002        BF1B9C00: 'FACS', Ver: 0, Len: 64
7:651  0:000    1. BEE333C0: 'APIC', 'A M I', Rev: 3, Len: 132
7:651  0:000    2. BEE33448: 'FPDT', 'A M I', Rev: 1, Len: 68
7:651  0:000    3. BEE33490: 'MCFG', 'A M I', Rev: 1, Len: 60
7:651  0:000    4. BEE334D0: 'FIDT', 'A M I', Rev: 1, Len: 156
7:651  0:000    5. BEE33570: 'SSDT', 'SaSsdt', Rev: 2, Len: 12628
7:651  0:000    6. BEE366C8: 'SSDT', 'PegSsdt', Rev: 2, Len: 9540
7:651  0:000    7. BEE38C10: 'HPET', 'SKL', Rev: 1, Len: 56
7:651  0:000    8. BEE38C48: 'SSDT', 'Ther_Rvp', Rev: 2, Len: 3643
7:651  0:000    9. BEE39A88: 'SSDT', 'xh_rvp10', Rev: 2, Len: 10967
7:651  0:000    10. BEE3C560: 'UEFI', 'EDK2', Rev: 1, Len: 66
7:651  0:000    11. BEE3C5A8: 'SSDT', 'CpuSsdt', Rev: 2, Len: 3806
7:651  0:000    12. BEE3D488: 'LPIT', 'SKL', Rev: 1, Len: 148
7:651  0:000    13. BEE3D520: 'WSMT', 'SKL', Rev: 1, Len: 40
7:651  0:000    14. BEE3D548: 'SSDT', 'sensrhub', Rev: 2, Len: 671
7:651  0:000    15. BEE3D7E8: 'SSDT', 'PtidDevc', Rev: 2, Len: 12290
7:651  0:000    16. BEE407F0: 'DBGP', '', Rev: 1, Len: 52
7:651  0:000    17. BEE40828: 'DBG2', '', Rev: 0, Len: 84
7:651  0:000    18. BEE40880: 'BGRT', 'A M I', Rev: 1, Len: 56
9:976  2:325  Found BIOS RSDP at F05B0
9:976  0:000  Printing ACPI tables from RSDP F05B0 ...
9:976  0:000   F05B0: 'RSD PTR ', Rev: 0 (Acpi 1.0), Len: 20
9:976  0:000    (Rsdt: BEE0B028)
9:976  0:000    BEE0B028: 'RSDT', 'A M I', Rev: 1, Len: 112
9:976  0:000    Tables in Rsdt: 19
9:976  0:000    0. BEE0B168: 'FACP', 'A M I', Rev: 2, Len: 132
9:976  0:000        (Dsdt: BEE0B1F0, Facs: BF1B9C00)
9:976  0:000        BEE0B1F0: 'DSDT', 'A M I', Rev: 2, Len: 164023
9:978  0:002        BF1B9C00: 'FACS', Ver: 0, Len: 64
9:978  0:000    1. BEE333C0: 'APIC', 'A M I', Rev: 3, Len: 132
9:978  0:000    2. BEE33448: 'FPDT', 'A M I', Rev: 1, Len: 68
9:978  0:000    3. BEE33490: 'MCFG', 'A M I', Rev: 1, Len: 60
9:978  0:000    4. BEE334D0: 'FIDT', 'A M I', Rev: 1, Len: 156
9:978  0:000    5. BEE33570: 'SSDT', 'SaSsdt', Rev: 2, Len: 12628
9:978  0:000    6. BEE366C8: 'SSDT', 'PegSsdt', Rev: 2, Len: 9540
9:978  0:000    7. BEE38C10: 'HPET', 'SKL', Rev: 1, Len: 56
9:978  0:000    8. BEE38C48: 'SSDT', 'Ther_Rvp', Rev: 2, Len: 3643
9:978  0:000    9. BEE39A88: 'SSDT', 'xh_rvp10', Rev: 2, Len: 10967
9:978  0:000    10. BEE3C560: 'UEFI', 'EDK2', Rev: 1, Len: 66
9:978  0:000    11. BEE3C5A8: 'SSDT', 'CpuSsdt', Rev: 2, Len: 3806
9:978  0:000    12. BEE3D488: 'LPIT', 'SKL', Rev: 1, Len: 148
9:978  0:000    13. BEE3D520: 'WSMT', 'SKL', Rev: 1, Len: 40
9:978  0:000    14. BEE3D548: 'SSDT', 'sensrhub', Rev: 2, Len: 671
9:978  0:000    15. BEE3D7E8: 'SSDT', 'PtidDevc', Rev: 2, Len: 12290
9:978  0:000    16. BEE407F0: 'DBGP', '', Rev: 1, Len: 52
9:978  0:000    17. BEE40828: 'DBG2', '', Rev: 0, Len: 84
9:978  0:000    18. BEE40880: 'BGRT', 'A M I', Rev: 1, Len: 56
9:978  0:000  Found UEFI Acpi 2.0 RSDP at BEE0B000
9:978  0:000  Saving ACPI tables from RSDP BEE0B000 to EFI\CLOVER\ACPI\origin ...
9:978  0:000   BEE0B000: 'RSD PTR ', Rev: 2 (Acpi 2.0 or newer), Len: 36 -> RSDP.aml
10:013  0:034    (Xsdt: BEE0B0A0, Rsdt: BEE0B028)
10:013  0:000    BEE0B0A0: 'XSDT', 'A M I', Rev: 1, Len: 188 -> XSDT.aml
10:041  0:027    BEE0B028: 'RSDT', 'A M I', Rev: 1, Len: 112 -> RSDT.aml
10:068  0:026    Tables in Xsdt: 19
10:068  0:000    0. BEE332A8: 'FACP', 'A M I', Rev: 6, Len: 276 -> FACP.aml
10:095  0:026        (Dsdt: BEE0B1F0, Facs: BF1B9C40, XDsdt: BEE0B1F0, XFacs: 0)
10:095  0:000        BEE0B1F0: 'DSDT', 'A M I', Rev: 2, Len: 164023 -> DSDT.aml
10:126  0:031        BF1B9C40: 'FACS', Ver: 2, Len: 64 -> FACS.aml
10:156  0:030    1. BEE333C0: 'APIC', 'A M I', Rev: 3, Len: 132 -> APIC.aml
10:184  0:027    2. BEE33448: 'FPDT', 'A M I', Rev: 1, Len: 68 -> FPDT.aml
10:211  0:026    3. BEE33490: 'MCFG', 'A M I', Rev: 1, Len: 60 -> MCFG.aml
10:238  0:027    4. BEE334D0: 'FIDT', 'A M I', Rev: 1, Len: 156 -> FIDT.aml
10:265  0:026    5. BEE33570: 'SSDT', 'SaSsdt', Rev: 2, Len: 12628 -> SSDT-0-SaSsdt.aml
10:293  0:027    6. BEE366C8: 'SSDT', 'PegSsdt', Rev: 2, Len: 9540 -> SSDT-1-PegSsdt.aml
10:331  0:037    7. BEE38C10: 'HPET', 'SKL', Rev: 1, Len: 56 -> HPET.aml
10:359  0:028    8. BEE38C48: 'SSDT', 'Ther_Rvp', Rev: 2, Len: 3643 -> SSDT-2-Ther_Rvp.aml
10:387  0:027    9. BEE39A88: 'SSDT', 'xh_rvp10', Rev: 2, Len: 10967 -> SSDT-3-xh_rvp10.aml
10:418  0:030    10. BEE3C560: 'UEFI', 'EDK2', Rev: 1, Len: 66 -> UEFI.aml
10:445  0:027    11. BEE3C5A8: 'SSDT', 'CpuSsdt', Rev: 2, Len: 3806 -> SSDT-4-CpuSsdt.aml (Found hidden SSDT 7 pcs)
10:473  0:027        * BE960398: 'SSDT', 'Cpu0Ist', Rev: 2, Len: 1749  53 53 44 54 D5 06 00 00 02 D0 50 6D 52 65 66 00 Internal length = 1749 -> SSDT-x4_0-Cpu0Ist.aml
10:500  0:027        * BE936018: 'SSDT', 'ApIst', Rev: 2, Len: 1628  53 53 44 54 5C 06 00 00 02 AF 50 6D 52 65 66 00 Internal length = 1628 -> SSDT-x4_1-ApIst.aml
10:527  0:026        * BE936898: 'SSDT', 'Cpu0Cst', Rev: 2, Len: 1023  53 53 44 54 FF 03 00 00 02 AF 50 6D 52 65 66 00 Internal length = 1023 -> SSDT-x4_2-Cpu0Cst.aml
10:563  0:036        * BE936DD8: 'SSDT', 'ApCst', Rev: 2, Len: 394  53 53 44 54 8A 01 00 00 02 39 50 6D 52 65 66 00 Internal length = 394 -> SSDT-x4_3-ApCst.aml
10:593  0:030        * BB95BE58: 'SSDT', 'Cpu0Hwp', Rev: 2, Len: 277  53 53 44 54 15 01 00 00 02 AE 50 6D 52 65 66 00 Internal length = 277 -> SSDT-x4_4-Cpu0Hwp.aml
10:621  0:027        * BB960298: 'SSDT', 'ApHwp', Rev: 2, Len: 407  53 53 44 54 97 01 00 00 02 F1 50 6D 52 65 66 00 Internal length = 407 -> SSDT-x4_5-ApHwp.aml
10:649  0:027        * BB957018: 'SSDT', 'HwpLvt', Rev: 2, Len: 420  53 53 44 54 A4 01 00 00 02 3C 50 6D 52 65 66 00 Internal length = 420 -> SSDT-x4_6-HwpLvt.aml
10:677  0:027  
10:677  0:000    12. BEE3D488: 'LPIT', 'SKL', Rev: 1, Len: 148 -> LPIT.aml
10:705  0:027    13. BEE3D520: 'WSMT', 'SKL', Rev: 1, Len: 40 -> WSMT.aml
10:732  0:027    14. BEE3D548: 'SSDT', 'sensrhub', Rev: 2, Len: 671 -> SSDT-5-sensrhub.aml
10:761  0:028    15. BEE3D7E8: 'SSDT', 'PtidDevc', Rev: 2, Len: 12290
10:761  0:000    16. BEE407F0: 'DBGP', '', Rev: 1, Len: 52
10:761  0:000    17. BEE40828: 'DBG2', '', Rev: 0, Len: 84
10:761  0:000    18. BEE40880: 'BGRT', 'A M I', Rev: 1, Len: 56
10:761  0:000    Tables in Rsdt: 19
10:761  0:000    0. BEE0B168: 'FACP', 'A M I', Rev: 2, Len: 132
10:761  0:000        (Dsdt: BEE0B1F0, Facs: BF1B9C00)
10:761  0:000        BEE0B1F0: 'DSDT', 'A M I', Rev: 2, Len: 164023
10:763  0:002        BF1B9C00: 'FACS', Ver: 0, Len: 64
10:763  0:000    1. BEE333C0: 'APIC', 'A M I', Rev: 3, Len: 132
10:763  0:000    2. BEE33448: 'FPDT', 'A M I', Rev: 1, Len: 68
10:763  0:000    3. BEE33490: 'MCFG', 'A M I', Rev: 1, Len: 60
10:763  0:000    4. BEE334D0: 'FIDT', 'A M I', Rev: 1, Len: 156
10:763  0:000    5. BEE33570: 'SSDT', 'SaSsdt', Rev: 2, Len: 12628
10:763  0:000    6. BEE366C8: 'SSDT', 'PegSsdt', Rev: 2, Len: 9540
10:763  0:000    7. BEE38C10: 'HPET', 'SKL', Rev: 1, Len: 56
10:763  0:000    8. BEE38C48: 'SSDT', 'Ther_Rvp', Rev: 2, Len: 3643
10:763  0:000    9. BEE39A88: 'SSDT', 'xh_rvp10', Rev: 2, Len: 10967
10:763  0:000    10. BEE3C560: 'UEFI', 'EDK2', Rev: 1, Len: 66
10:763  0:000    11. BEE3C5A8: 'SSDT', 'CpuSsdt', Rev: 2, Len: 3806
10:763  0:000    12. BEE3D488: 'LPIT', 'SKL', Rev: 1, Len: 148
10:763  0:000    13. BEE3D520: 'WSMT', 'SKL', Rev: 1, Len: 40
10:763  0:000    14. BEE3D548: 'SSDT', 'sensrhub', Rev: 2, Len: 671
10:763  0:000    15. BEE3D7E8: 'SSDT', 'PtidDevc', Rev: 2, Len: 12290
10:763  0:000    16. BEE407F0: 'DBGP', '', Rev: 1, Len: 52
10:763  0:000    17. BEE40828: 'DBG2', '', Rev: 0, Len: 84
10:763  0:000    18. BEE40880: 'BGRT', 'A M I', Rev: 1, Len: 56
10:763  0:000  Found UEFI Acpi 1.0 RSDP at BEE0B000
10:763  0:000  Printing ACPI tables from RSDP BEE0B000 ...
10:763  0:000   BEE0B000: 'RSD PTR ', Rev: 2 (Acpi 2.0 or newer), Len: 36
10:763  0:000    (Xsdt: BEE0B0A0, Rsdt: BEE0B028)
10:763  0:000    BEE0B0A0: 'XSDT', 'A M I', Rev: 1, Len: 188
10:763  0:000    BEE0B028: 'RSDT', 'A M I', Rev: 1, Len: 112
10:763  0:000    Tables in Xsdt: 19
10:763  0:000    0. BEE332A8: 'FACP', 'A M I', Rev: 6, Len: 276
10:763  0:000        (Dsdt: BEE0B1F0, Facs: BF1B9C40, XDsdt: BEE0B1F0, XFacs: 0)
10:763  0:000        BEE0B1F0: 'DSDT', 'A M I', Rev: 2, Len: 164023
10:765  0:002        BF1B9C40: 'FACS', Ver: 2, Len: 64
10:765  0:000    1. BEE333C0: 'APIC', 'A M I', Rev: 3, Len: 132
10:765  0:000    2. BEE33448: 'FPDT', 'A M I', Rev: 1, Len: 68
10:765  0:000    3. BEE33490: 'MCFG', 'A M I', Rev: 1, Len: 60
10:765  0:000    4. BEE334D0: 'FIDT', 'A M I', Rev: 1, Len: 156
10:765  0:000    5. BEE33570: 'SSDT', 'SaSsdt', Rev: 2, Len: 12628
10:765  0:000    6. BEE366C8: 'SSDT', 'PegSsdt', Rev: 2, Len: 9540
10:765  0:000    7. BEE38C10: 'HPET', 'SKL', Rev: 1, Len: 56
10:765  0:000    8. BEE38C48: 'SSDT', 'Ther_Rvp', Rev: 2, Len: 3643
10:765  0:000    9. BEE39A88: 'SSDT', 'xh_rvp10', Rev: 2, Len: 10967
10:765  0:000    10. BEE3C560: 'UEFI', 'EDK2', Rev: 1, Len: 66
10:765  0:000    11. BEE3C5A8: 'SSDT', 'CpuSsdt', Rev: 2, Len: 3806
10:765  0:000    12. BEE3D488: 'LPIT', 'SKL', Rev: 1, Len: 148
10:765  0:000    13. BEE3D520: 'WSMT', 'SKL', Rev: 1, Len: 40
10:765  0:000    14. BEE3D548: 'SSDT', 'sensrhub', Rev: 2, Len: 671
10:765  0:000    15. BEE3D7E8: 'SSDT', 'PtidDevc', Rev: 2, Len: 12290
10:765  0:000    16. BEE407F0: 'DBGP', '', Rev: 1, Len: 52
10:765  0:000    17. BEE40828: 'DBG2', '', Rev: 0, Len: 84
10:765  0:000    18. BEE40880: 'BGRT', 'A M I', Rev: 1, Len: 56
10:765  0:000    Tables in Rsdt: 19
10:765  0:000    0. BEE0B168: 'FACP', 'A M I', Rev: 2, Len: 132
10:765  0:000        (Dsdt: BEE0B1F0, Facs: BF1B9C00)
10:765  0:000        BEE0B1F0: 'DSDT', 'A M I', Rev: 2, Len: 164023
10:767  0:002        BF1B9C00: 'FACS', Ver: 0, Len: 64
10:767  0:000    1. BEE333C0: 'APIC', 'A M I', Rev: 3, Len: 132
10:767  0:000    2. BEE33448: 'FPDT', 'A M I', Rev: 1, Len: 68
10:767  0:000    3. BEE33490: 'MCFG', 'A M I', Rev: 1, Len: 60
10:767  0:000    4. BEE334D0: 'FIDT', 'A M I', Rev: 1, Len: 156
10:767  0:000    5. BEE33570: 'SSDT', 'SaSsdt', Rev: 2, Len: 12628
10:767  0:000    6. BEE366C8: 'SSDT', 'PegSsdt', Rev: 2, Len: 9540
10:767  0:000    7. BEE38C10: 'HPET', 'SKL', Rev: 1, Len: 56
10:767  0:000    8. BEE38C48: 'SSDT', 'Ther_Rvp', Rev: 2, Len: 3643
10:767  0:000    9. BEE39A88: 'SSDT', 'xh_rvp10', Rev: 2, Len: 10967
10:767  0:000    10. BEE3C560: 'UEFI', 'EDK2', Rev: 1, Len: 66
10:767  0:000    11. BEE3C5A8: 'SSDT', 'CpuSsdt', Rev: 2, Len: 3806
10:767  0:000    12. BEE3D488: 'LPIT', 'SKL', Rev: 1, Len: 148
10:767  0:000    13. BEE3D520: 'WSMT', 'SKL', Rev: 1, Len: 40
10:767  0:000    14. BEE3D548: 'SSDT', 'sensrhub', Rev: 2, Len: 671
10:767  0:000    15. BEE3D7E8: 'SSDT', 'PtidDevc', Rev: 2, Len: 12290
10:767  0:000    16. BEE407F0: 'DBGP', '', Rev: 1, Len: 52
10:767  0:000    17. BEE40828: 'DBG2', '', Rev: 0, Len: 84
10:767  0:000    18. BEE40880: 'BGRT', 'A M I', Rev: 1, Len: 56
12:392  1:624  Found BIOS RSDP at F05B0
12:392  0:000  Printing ACPI tables from RSDP F05B0 ...
12:392  0:000   F05B0: 'RSD PTR ', Rev: 0 (Acpi 1.0), Len: 20
12:392  0:000    (Rsdt: BEE0B028)
12:392  0:000    BEE0B028: 'RSDT', 'A M I', Rev: 1, Len: 112
12:392  0:000    Tables in Rsdt: 19
12:392  0:000    0. BEE0B168: 'FACP', 'A M I', Rev: 2, Len: 132
12:392  0:000        (Dsdt: BEE0B1F0, Facs: BF1B9C00)
12:392  0:000        BEE0B1F0: 'DSDT', 'A M I', Rev: 2, Len: 164023
12:394  0:002        BF1B9C00: 'FACS', Ver: 0, Len: 64
12:394  0:000    1. BEE333C0: 'APIC', 'A M I', Rev: 3, Len: 132
12:394  0:000    2. BEE33448: 'FPDT', 'A M I', Rev: 1, Len: 68
12:394  0:000    3. BEE33490: 'MCFG', 'A M I', Rev: 1, Len: 60
12:394  0:000    4. BEE334D0: 'FIDT', 'A M I', Rev: 1, Len: 156
12:394  0:000    5. BEE33570: 'SSDT', 'SaSsdt', Rev: 2, Len: 12628
12:394  0:000    6. BEE366C8: 'SSDT', 'PegSsdt', Rev: 2, Len: 9540
12:394  0:000    7. BEE38C10: 'HPET', 'SKL', Rev: 1, Len: 56
12:394  0:000    8. BEE38C48: 'SSDT', 'Ther_Rvp', Rev: 2, Len: 3643
12:394  0:000    9. BEE39A88: 'SSDT', 'xh_rvp10', Rev: 2, Len: 10967
12:394  0:000    10. BEE3C560: 'UEFI', 'EDK2', Rev: 1, Len: 66
12:394  0:000    11. BEE3C5A8: 'SSDT', 'CpuSsdt', Rev: 2, Len: 3806
12:394  0:000    12. BEE3D488: 'LPIT', 'SKL', Rev: 1, Len: 148
12:394  0:000    13. BEE3D520: 'WSMT', 'SKL', Rev: 1, Len: 40
12:394  0:000    14. BEE3D548: 'SSDT', 'sensrhub', Rev: 2, Len: 671
12:394  0:000    15. BEE3D7E8: 'SSDT', 'PtidDevc', Rev: 2, Len: 12290
12:394  0:000    16. BEE407F0: 'DBGP', '', Rev: 1, Len: 52
12:394  0:000    17. BEE40828: 'DBG2', '', Rev: 0, Len: 84
12:394  0:000    18. BEE40880: 'BGRT', 'A M I', Rev: 1, Len: 56
12:394  0:000  Found UEFI Acpi 2.0 RSDP at BEE0B000
12:394  0:000  Saving ACPI tables from RSDP BEE0B000 to EFI\CLOVER\ACPI\origin ...
12:394  0:000   BEE0B000: 'RSD PTR ', Rev: 2 (Acpi 2.0 or newer), Len: 36
12:394  0:000    (Xsdt: BEE0B0A0, Rsdt: BEE0B028)
12:394  0:000    BEE0B0A0: 'XSDT', 'A M I', Rev: 1, Len: 188
12:394  0:000    BEE0B028: 'RSDT', 'A M I', Rev: 1, Len: 112
12:394  0:000    Tables in Xsdt: 19
12:394  0:000    0. BEE332A8: 'FACP', 'A M I', Rev: 6, Len: 276
12:394  0:000        (Dsdt: BEE0B1F0, Facs: BF1B9C40, XDsdt: BEE0B1F0, XFacs: 0)
12:394  0:000        BEE0B1F0: 'DSDT', 'A M I', Rev: 2, Len: 164023
12:396  0:002        BF1B9C40: 'FACS', Ver: 2, Len: 64
12:396  0:000    1. BEE333C0: 'APIC', 'A M I', Rev: 3, Len: 132
12:396  0:000    2. BEE33448: 'FPDT', 'A M I', Rev: 1, Len: 68
12:396  0:000    3. BEE33490: 'MCFG', 'A M I', Rev: 1, Len: 60
12:396  0:000    4. BEE334D0: 'FIDT', 'A M I', Rev: 1, Len: 156
12:396  0:000    5. BEE33570: 'SSDT', 'SaSsdt', Rev: 2, Len: 12628
12:396  0:000    6. BEE366C8: 'SSDT', 'PegSsdt', Rev: 2, Len: 9540
12:396  0:000    7. BEE38C10: 'HPET', 'SKL', Rev: 1, Len: 56
12:396  0:000    8. BEE38C48: 'SSDT', 'Ther_Rvp', Rev: 2, Len: 3643
12:396  0:000    9. BEE39A88: 'SSDT', 'xh_rvp10', Rev: 2, Len: 10967
12:396  0:000    10. BEE3C560: 'UEFI', 'EDK2', Rev: 1, Len: 66
12:396  0:000    11. BEE3C5A8: 'SSDT', 'CpuSsdt', Rev: 2, Len: 3806
12:396  0:000    12. BEE3D488: 'LPIT', 'SKL', Rev: 1, Len: 148
12:396  0:000    13. BEE3D520: 'WSMT', 'SKL', Rev: 1, Len: 40
12:396  0:000    14. BEE3D548: 'SSDT', 'sensrhub', Rev: 2, Len: 671
12:396  0:000    15. BEE3D7E8: 'SSDT', 'PtidDevc', Rev: 2, Len: 12290
12:396  0:000    16. BEE407F0: 'DBGP', '', Rev: 1, Len: 52
12:396  0:000    17. BEE40828: 'DBG2', '', Rev: 0, Len: 84
12:396  0:000    18. BEE40880: 'BGRT', 'A M I', Rev: 1, Len: 56
12:396  0:000    Tables in Rsdt: 19
12:396  0:000    0. BEE0B168: 'FACP', 'A M I', Rev: 2, Len: 132
12:396  0:000        (Dsdt: BEE0B1F0, Facs: BF1B9C00)
12:396  0:000        BEE0B1F0: 'DSDT', 'A M I', Rev: 2, Len: 164023
12:398  0:002        BF1B9C00: 'FACS', Ver: 0, Len: 64
12:398  0:000    1. BEE333C0: 'APIC', 'A M I', Rev: 3, Len: 132
12:398  0:000    2. BEE33448: 'FPDT', 'A M I', Rev: 1, Len: 68
12:398  0:000    3. BEE33490: 'MCFG', 'A M I', Rev: 1, Len: 60
12:398  0:000    4. BEE334D0: 'FIDT', 'A M I', Rev: 1, Len: 156
12:398  0:000    5. BEE33570: 'SSDT', 'SaSsdt', Rev: 2, Len: 12628
12:398  0:000    6. BEE366C8: 'SSDT', 'PegSsdt', Rev: 2, Len: 9540
12:398  0:000    7. BEE38C10: 'HPET', 'SKL', Rev: 1, Len: 56
12:398  0:000    8. BEE38C48: 'SSDT', 'Ther_Rvp', Rev: 2, Len: 3643
12:398  0:000    9. BEE39A88: 'SSDT', 'xh_rvp10', Rev: 2, Len: 10967
12:398  0:000    10. BEE3C560: 'UEFI', 'EDK2', Rev: 1, Len: 66
12:398  0:000    11. BEE3C5A8: 'SSDT', 'CpuSsdt', Rev: 2, Len: 3806
12:398  0:000    12. BEE3D488: 'LPIT', 'SKL', Rev: 1, Len: 148
12:398  0:000    13. BEE3D520: 'WSMT', 'SKL', Rev: 1, Len: 40
12:398  0:000    14. BEE3D548: 'SSDT', 'sensrhub', Rev: 2, Len: 671
12:398  0:000    15. BEE3D7E8: 'SSDT', 'PtidDevc', Rev: 2, Len: 12290
12:398  0:000    16. BEE407F0: 'DBGP', '', Rev: 1, Len: 52
12:398  0:000    17. BEE40828: 'DBG2', '', Rev: 0, Len: 84
12:398  0:000    18. BEE40880: 'BGRT', 'A M I', Rev: 1, Len: 56
12:398  0:000  Found UEFI Acpi 1.0 RSDP at BEE0B000
12:398  0:000  Printing ACPI tables from RSDP BEE0B000 ...
12:398  0:000   BEE0B000: 'RSD PTR ', Rev: 2 (Acpi 2.0 or newer), Len: 36
12:398  0:000    (Xsdt: BEE0B0A0, Rsdt: BEE0B028)
12:398  0:000    BEE0B0A0: 'XSDT', 'A M I', Rev: 1, Len: 188
12:398  0:000    BEE0B028: 'RSDT', 'A M I', Rev: 1, Len: 112
12:398  0:000    Tables in Xsdt: 19
12:398  0:000    0. BEE332A8: 'FACP', 'A M I', Rev: 6, Len: 276
12:398  0:000        (Dsdt: BEE0B1F0, Facs: BF1B9C40, XDsdt: BEE0B1F0, XFacs: 0)
12:398  0:000        BEE0B1F0: 'DSDT', 'A M I', Rev: 2, Len: 164023
12:400  0:002        BF1B9C40: 'FACS', Ver: 2, Len: 64
12:400  0:000    1. BEE333C0: 'APIC', 'A M I', Rev: 3, Len: 132
12:400  0:000    2. BEE33448: 'FPDT', 'A M I', Rev: 1, Len: 68
12:400  0:000    3. BEE33490: 'MCFG', 'A M I', Rev: 1, Len: 60
12:400  0:000    4. BEE334D0: 'FIDT', 'A M I', Rev: 1, Len: 156
12:400  0:000    5. BEE33570: 'SSDT', 'SaSsdt', Rev: 2, Len: 12628
12:400  0:000    6. BEE366C8: 'SSDT', 'PegSsdt', Rev: 2, Len: 9540
12:400  0:000    7. BEE38C10: 'HPET', 'SKL', Rev: 1, Len: 56
12:400  0:000    8. BEE38C48: 'SSDT', 'Ther_Rvp', Rev: 2, Len: 3643
12:400  0:000    9. BEE39A88: 'SSDT', 'xh_rvp10', Rev: 2, Len: 10967
12:400  0:000    10. BEE3C560: 'UEFI', 'EDK2', Rev: 1, Len: 66
12:400  0:000    11. BEE3C5A8: 'SSDT', 'CpuSsdt', Rev: 2, Len: 3806
12:400  0:000    12. BEE3D488: 'LPIT', 'SKL', Rev: 1, Len: 148
12:400  0:000    13. BEE3D520: 'WSMT', 'SKL', Rev: 1, Len: 40
12:400  0:000    14. BEE3D548: 'SSDT', 'sensrhub', Rev: 2, Len: 671
12:400  0:000    15. BEE3D7E8: 'SSDT', 'PtidDevc', Rev: 2, Len: 12290
12:400  0:000    16. BEE407F0: 'DBGP', '', Rev: 1, Len: 52
12:400  0:000    17. BEE40828: 'DBG2', '', Rev: 0, Len: 84
12:400  0:000    18. BEE40880: 'BGRT', 'A M I', Rev: 1, Len: 56
12:400  0:000    Tables in Rsdt: 19
12:400  0:000    0. BEE0B168: 'FACP', 'A M I', Rev: 2, Len: 132
12:400  0:000        (Dsdt: BEE0B1F0, Facs: BF1B9C00)
12:400  0:000        BEE0B1F0: 'DSDT', 'A M I', Rev: 2, Len: 164023
12:402  0:002        BF1B9C00: 'FACS', Ver: 0, Len: 64
12:402  0:000    1. BEE333C0: 'APIC', 'A M I', Rev: 3, Len: 132
12:402  0:000    2. BEE33448: 'FPDT', 'A M I', Rev: 1, Len: 68
12:402  0:000    3. BEE33490: 'MCFG', 'A M I', Rev: 1, Len: 60
12:402  0:000    4. BEE334D0: 'FIDT', 'A M I', Rev: 1, Len: 156
12:402  0:000    5. BEE33570: 'SSDT', 'SaSsdt', Rev: 2, Len: 12628
12:402  0:000    6. BEE366C8: 'SSDT', 'PegSsdt', Rev: 2, Len: 9540
12:402  0:000    7. BEE38C10: 'HPET', 'SKL', Rev: 1, Len: 56
12:402  0:000    8. BEE38C48: 'SSDT', 'Ther_Rvp', Rev: 2, Len: 3643
12:402  0:000    9. BEE39A88: 'SSDT', 'xh_rvp10', Rev: 2, Len: 10967
12:402  0:000    10. BEE3C560: 'UEFI', 'EDK2', Rev: 1, Len: 66
12:402  0:000    11. BEE3C5A8: 'SSDT', 'CpuSsdt', Rev: 2, Len: 3806
12:402  0:000    12. BEE3D488: 'LPIT', 'SKL', Rev: 1, Len: 148
12:402  0:000    13. BEE3D520: 'WSMT', 'SKL', Rev: 1, Len: 40
12:402  0:000    14. BEE3D548: 'SSDT', 'sensrhub', Rev: 2, Len: 671
12:402  0:000    15. BEE3D7E8: 'SSDT', 'PtidDevc', Rev: 2, Len: 12290
12:402  0:000    16. BEE407F0: 'DBGP', '', Rev: 1, Len: 52
12:402  0:000    17. BEE40828: 'DBG2', '', Rev: 0, Len: 84
12:402  0:000    18. BEE40880: 'BGRT', 'A M I', Rev: 1, Len: 56
16:064  3:661  Found BIOS RSDP at F05B0
16:064  0:000  Printing ACPI tables from RSDP F05B0 ...
16:064  0:000   F05B0: 'RSD PTR ', Rev: 0 (Acpi 1.0), Len: 20
16:064  0:000    (Rsdt: BEE0B028)
16:064  0:000    BEE0B028: 'RSDT', 'A M I', Rev: 1, Len: 112
16:064  0:000    Tables in Rsdt: 19
16:064  0:000    0. BEE0B168: 'FACP', 'A M I', Rev: 2, Len: 132
16:064  0:000        (Dsdt: BEE0B1F0, Facs: BF1B9C00)
16:064  0:000        BEE0B1F0: 'DSDT', 'A M I', Rev: 2, Len: 164023
16:066  0:002        BF1B9C00: 'FACS', Ver: 0, Len: 64
16:066  0:000    1. BEE333C0: 'APIC', 'A M I', Rev: 3, Len: 132
16:066  0:000    2. BEE33448: 'FPDT', 'A M I', Rev: 1, Len: 68
16:066  0:000    3. BEE33490: 'MCFG', 'A M I', Rev: 1, Len: 60
16:066  0:000    4. BEE334D0: 'FIDT', 'A M I', Rev: 1, Len: 156
16:066  0:000    5. BEE33570: 'SSDT', 'SaSsdt', Rev: 2, Len: 12628
16:066  0:000    6. BEE366C8: 'SSDT', 'PegSsdt', Rev: 2, Len: 9540
16:066  0:000    7. BEE38C10: 'HPET', 'SKL', Rev: 1, Len: 56
16:066  0:000    8. BEE38C48: 'SSDT', 'Ther_Rvp', Rev: 2, Len: 3643
16:066  0:000    9. BEE39A88: 'SSDT', 'xh_rvp10', Rev: 2, Len: 10967
16:066  0:000    10. BEE3C560: 'UEFI', 'EDK2', Rev: 1, Len: 66
16:066  0:000    11. BEE3C5A8: 'SSDT', 'CpuSsdt', Rev: 2, Len: 3806
16:066  0:000    12. BEE3D488: 'LPIT', 'SKL', Rev: 1, Len: 148
16:066  0:000    13. BEE3D520: 'WSMT', 'SKL', Rev: 1, Len: 40
16:066  0:000    14. BEE3D548: 'SSDT', 'sensrhub', Rev: 2, Len: 671
16:066  0:000    15. BEE3D7E8: 'SSDT', 'PtidDevc', Rev: 2, Len: 12290
16:066  0:000    16. BEE407F0: 'DBGP', '', Rev: 1, Len: 52
16:066  0:000    17. BEE40828: 'DBG2', '', Rev: 0, Len: 84
16:066  0:000    18. BEE40880: 'BGRT', 'A M I', Rev: 1, Len: 56
16:066  0:000  Found UEFI Acpi 2.0 RSDP at BEE0B000
16:066  0:000  Saving ACPI tables from RSDP BEE0B000 to EFI\CLOVER\ACPI\origin ...
16:066  0:000   BEE0B000: 'RSD PTR ', Rev: 2 (Acpi 2.0 or newer), Len: 36
16:066  0:000    (Xsdt: BEE0B0A0, Rsdt: BEE0B028)
16:066  0:000    BEE0B0A0: 'XSDT', 'A M I', Rev: 1, Len: 188
16:066  0:000    BEE0B028: 'RSDT', 'A M I', Rev: 1, Len: 112
16:066  0:000    Tables in Xsdt: 19
16:066  0:000    0. BEE332A8: 'FACP', 'A M I', Rev: 6, Len: 276
16:066  0:000        (Dsdt: BEE0B1F0, Facs: BF1B9C40, XDsdt: BEE0B1F0, XFacs: 0)
16:066  0:000        BEE0B1F0: 'DSDT', 'A M I', Rev: 2, Len: 164023
16:068  0:002        BF1B9C40: 'FACS', Ver: 2, Len: 64
16:068  0:000    1. BEE333C0: 'APIC', 'A M I', Rev: 3, Len: 132
16:068  0:000    2. BEE33448: 'FPDT', 'A M I', Rev: 1, Len: 68
16:068  0:000    3. BEE33490: 'MCFG', 'A M I', Rev: 1, Len: 60
16:068  0:000    4. BEE334D0: 'FIDT', 'A M I', Rev: 1, Len: 156
16:068  0:000    5. BEE33570: 'SSDT', 'SaSsdt', Rev: 2, Len: 12628
16:068  0:000    6. BEE366C8: 'SSDT', 'PegSsdt', Rev: 2, Len: 9540
16:068  0:000    7. BEE38C10: 'HPET', 'SKL', Rev: 1, Len: 56
16:068  0:000    8. BEE38C48: 'SSDT', 'Ther_Rvp', Rev: 2, Len: 3643
16:068  0:000    9. BEE39A88: 'SSDT', 'xh_rvp10', Rev: 2, Len: 10967
16:068  0:000    10. BEE3C560: 'UEFI', 'EDK2', Rev: 1, Len: 66
16:068  0:000    11. BEE3C5A8: 'SSDT', 'CpuSsdt', Rev: 2, Len: 3806
16:068  0:000    12. BEE3D488: 'LPIT', 'SKL', Rev: 1, Len: 148
16:068  0:000    13. BEE3D520: 'WSMT', 'SKL', Rev: 1, Len: 40
16:068  0:000    14. BEE3D548: 'SSDT', 'sensrhub', Rev: 2, Len: 671
16:068  0:000    15. BEE3D7E8: 'SSDT', 'PtidDevc', Rev: 2, Len: 12290
16:068  0:000    16. BEE407F0: 'DBGP', '', Rev: 1, Len: 52
16:068  0:000    17. BEE40828: 'DBG2', '', Rev: 0, Len: 84
16:068  0:000    18. BEE40880: 'BGRT', 'A M I', Rev: 1, Len: 56
16:068  0:000    Tables in Rsdt: 19
16:068  0:000    0. BEE0B168: 'FACP', 'A M I', Rev: 2, Len: 132
16:068  0:000        (Dsdt: BEE0B1F0, Facs: BF1B9C00)
16:068  0:000        BEE0B1F0: 'DSDT', 'A M I', Rev: 2, Len: 164023
16:070  0:002        BF1B9C00: 'FACS', Ver: 0, Len: 64
16:070  0:000    1. BEE333C0: 'APIC', 'A M I', Rev: 3, Len: 132
16:070  0:000    2. BEE33448: 'FPDT', 'A M I', Rev: 1, Len: 68
16:070  0:000    3. BEE33490: 'MCFG', 'A M I', Rev: 1, Len: 60
16:070  0:000    4. BEE334D0: 'FIDT', 'A M I', Rev: 1, Len: 156
16:070  0:000    5. BEE33570: 'SSDT', 'SaSsdt', Rev: 2, Len: 12628
16:070  0:000    6. BEE366C8: 'SSDT', 'PegSsdt', Rev: 2, Len: 9540
16:070  0:000    7. BEE38C10: 'HPET', 'SKL', Rev: 1, Len: 56
16:070  0:000    8. BEE38C48: 'SSDT', 'Ther_Rvp', Rev: 2, Len: 3643
16:070  0:000    9. BEE39A88: 'SSDT', 'xh_rvp10', Rev: 2, Len: 10967
16:070  0:000    10. BEE3C560: 'UEFI', 'EDK2', Rev: 1, Len: 66
16:070  0:000    11. BEE3C5A8: 'SSDT', 'CpuSsdt', Rev: 2, Len: 3806
16:070  0:000    12. BEE3D488: 'LPIT', 'SKL', Rev: 1, Len: 148
16:070  0:000    13. BEE3D520: 'WSMT', 'SKL', Rev: 1, Len: 40
16:070  0:000    14. BEE3D548: 'SSDT', 'sensrhub', Rev: 2, Len: 671
16:070  0:000    15. BEE3D7E8: 'SSDT', 'PtidDevc', Rev: 2, Len: 12290
16:070  0:000    16. BEE407F0: 'DBGP', '', Rev: 1, Len: 52
16:070  0:000    17. BEE40828: 'DBG2', '', Rev: 0, Len: 84
16:070  0:000    18. BEE40880: 'BGRT', 'A M I', Rev: 1, Len: 56
16:070  0:000  Found UEFI Acpi 1.0 RSDP at BEE0B000
16:070  0:000  Printing ACPI tables from RSDP BEE0B000 ...
16:070  0:000   BEE0B000: 'RSD PTR ', Rev: 2 (Acpi 2.0 or newer), Len: 36
16:070  0:000    (Xsdt: BEE0B0A0, Rsdt: BEE0B028)
16:070  0:000    BEE0B0A0: 'XSDT', 'A M I', Rev: 1, Len: 188
16:070  0:000    BEE0B028: 'RSDT', 'A M I', Rev: 1, Len: 112
16:070  0:000    Tables in Xsdt: 19
16:070  0:000    0. BEE332A8: 'FACP', 'A M I', Rev: 6, Len: 276
16:070  0:000        (Dsdt: BEE0B1F0, Facs: BF1B9C40, XDsdt: BEE0B1F0, XFacs: 0)
16:070  0:000        BEE0B1F0: 'DSDT', 'A M I', Rev: 2, Len: 164023
16:072  0:002        BF1B9C40: 'FACS', Ver: 2, Len: 64
16:072  0:000    1. BEE333C0: 'APIC', 'A M I', Rev: 3, Len: 132
16:072  0:000    2. BEE33448: 'FPDT', 'A M I', Rev: 1, Len: 68
16:072  0:000    3. BEE33490: 'MCFG', 'A M I', Rev: 1, Len: 60
16:072  0:000    4. BEE334D0: 'FIDT', 'A M I', Rev: 1, Len: 156
16:072  0:000    5. BEE33570: 'SSDT', 'SaSsdt', Rev: 2, Len: 12628
16:072  0:000    6. BEE366C8: 'SSDT', 'PegSsdt', Rev: 2, Len: 9540
16:072  0:000    7. BEE38C10: 'HPET', 'SKL', Rev: 1, Len: 56
16:072  0:000    8. BEE38C48: 'SSDT', 'Ther_Rvp', Rev: 2, Len: 3643
16:072  0:000    9. BEE39A88: 'SSDT', 'xh_rvp10', Rev: 2, Len: 10967
16:072  0:000    10. BEE3C560: 'UEFI', 'EDK2', Rev: 1, Len: 66
16:072  0:000    11. BEE3C5A8: 'SSDT', 'CpuSsdt', Rev: 2, Len: 3806
16:072  0:000    12. BEE3D488: 'LPIT', 'SKL', Rev: 1, Len: 148
16:072  0:000    13. BEE3D520: 'WSMT', 'SKL', Rev: 1, Len: 40
16:072  0:000    14. BEE3D548: 'SSDT', 'sensrhub', Rev: 2, Len: 671
16:072  0:000    15. BEE3D7E8: 'SSDT', 'PtidDevc', Rev: 2, Len: 12290
16:072  0:000    16. BEE407F0: 'DBGP', '', Rev: 1, Len: 52
16:072  0:000    17. BEE40828: 'DBG2', '', Rev: 0, Len: 84
16:072  0:000    18. BEE40880: 'BGRT', 'A M I', Rev: 1, Len: 56
16:072  0:000    Tables in Rsdt: 19
16:072  0:000    0. BEE0B168: 'FACP', 'A M I', Rev: 2, Len: 132
16:072  0:000        (Dsdt: BEE0B1F0, Facs: BF1B9C00)
16:072  0:000        BEE0B1F0: 'DSDT', 'A M I', Rev: 2, Len: 164023
16:074  0:002        BF1B9C00: 'FACS', Ver: 0, Len: 64
16:074  0:000    1. BEE333C0: 'APIC', 'A M I', Rev: 3, Len: 132
16:074  0:000    2. BEE33448: 'FPDT', 'A M I', Rev: 1, Len: 68
16:074  0:000    3. BEE33490: 'MCFG', 'A M I', Rev: 1, Len: 60
16:074  0:000    4. BEE334D0: 'FIDT', 'A M I', Rev: 1, Len: 156
16:074  0:000    5. BEE33570: 'SSDT', 'SaSsdt', Rev: 2, Len: 12628
16:074  0:000    6. BEE366C8: 'SSDT', 'PegSsdt', Rev: 2, Len: 9540
16:074  0:000    7. BEE38C10: 'HPET', 'SKL', Rev: 1, Len: 56
16:074  0:000    8. BEE38C48: 'SSDT', 'Ther_Rvp', Rev: 2, Len: 3643
16:074  0:000    9. BEE39A88: 'SSDT', 'xh_rvp10', Rev: 2, Len: 10967
16:074  0:000    10. BEE3C560: 'UEFI', 'EDK2', Rev: 1, Len: 66
16:074  0:000    11. BEE3C5A8: 'SSDT', 'CpuSsdt', Rev: 2, Len: 3806
16:074  0:000    12. BEE3D488: 'LPIT', 'SKL', Rev: 1, Len: 148
16:074  0:000    13. BEE3D520: 'WSMT', 'SKL', Rev: 1, Len: 40
16:074  0:000    14. BEE3D548: 'SSDT', 'sensrhub', Rev: 2, Len: 671
16:074  0:000    15. BEE3D7E8: 'SSDT', 'PtidDevc', Rev: 2, Len: 12290
16:074  0:000    16. BEE407F0: 'DBGP', '', Rev: 1, Len: 52
16:074  0:000    17. BEE40828: 'DBG2', '', Rev: 0, Len: 84
16:074  0:000    18. BEE40880: 'BGRT', 'A M I', Rev: 1, Len: 56
20:783  4:708  Found BIOS RSDP at F05B0
20:783  0:000  Printing ACPI tables from RSDP F05B0 ...
20:783  0:000   F05B0: 'RSD PTR ', Rev: 0 (Acpi 1.0), Len: 20
20:783  0:000    (Rsdt: BEE0B028)
20:783  0:000    BEE0B028: 'RSDT', 'A M I', Rev: 1, Len: 112
20:783  0:000    Tables in Rsdt: 19
20:783  0:000    0. BEE0B168: 'FACP', 'A M I', Rev: 2, Len: 132
20:783  0:000        (Dsdt: BEE0B1F0, Facs: BF1B9C00)
20:783  0:000        BEE0B1F0: 'DSDT', 'A M I', Rev: 2, Len: 164023
20:785  0:002        BF1B9C00: 'FACS', Ver: 0, Len: 64
20:785  0:000    1. BEE333C0: 'APIC', 'A M I', Rev: 3, Len: 132
20:785  0:000    2. BEE33448: 'FPDT', 'A M I', Rev: 1, Len: 68
20:785  0:000    3. BEE33490: 'MCFG', 'A M I', Rev: 1, Len: 60
20:785  0:000    4. BEE334D0: 'FIDT', 'A M I', Rev: 1, Len: 156
20:785  0:000    5. BEE33570: 'SSDT', 'SaSsdt', Rev: 2, Len: 12628
20:785  0:000    6. BEE366C8: 'SSDT', 'PegSsdt', Rev: 2, Len: 9540
20:785  0:000    7. BEE38C10: 'HPET', 'SKL', Rev: 1, Len: 56
20:785  0:000    8. BEE38C48: 'SSDT', 'Ther_Rvp', Rev: 2, Len: 3643
20:785  0:000    9. BEE39A88: 'SSDT', 'xh_rvp10', Rev: 2, Len: 10967
20:785  0:000    10. BEE3C560: 'UEFI', 'EDK2', Rev: 1, Len: 66
20:785  0:000    11. BEE3C5A8: 'SSDT', 'CpuSsdt', Rev: 2, Len: 3806
20:785  0:000    12. BEE3D488: 'LPIT', 'SKL', Rev: 1, Len: 148
20:785  0:000    13. BEE3D520: 'WSMT', 'SKL', Rev: 1, Len: 40
20:785  0:000    14. BEE3D548: 'SSDT', 'sensrhub', Rev: 2, Len: 671
20:785  0:000    15. BEE3D7E8: 'SSDT', 'PtidDevc', Rev: 2, Len: 12290
20:785  0:000    16. BEE407F0: 'DBGP', '', Rev: 1, Len: 52
20:785  0:000    17. BEE40828: 'DBG2', '', Rev: 0, Len: 84
20:785  0:000    18. BEE40880: 'BGRT', 'A M I', Rev: 1, Len: 56
20:785  0:000  Found UEFI Acpi 2.0 RSDP at BEE0B000
20:785  0:000  Saving ACPI tables from RSDP BEE0B000 to EFI\CLOVER\ACPI\origin ...
20:785  0:000   BEE0B000: 'RSD PTR ', Rev: 2 (Acpi 2.0 or newer), Len: 36
20:785  0:000    (Xsdt: BEE0B0A0, Rsdt: BEE0B028)
20:785  0:000    BEE0B0A0: 'XSDT', 'A M I', Rev: 1, Len: 188
20:785  0:000    BEE0B028: 'RSDT', 'A M I', Rev: 1, Len: 112
20:785  0:000    Tables in Xsdt: 19
20:785  0:000    0. BEE332A8: 'FACP', 'A M I', Rev: 6, Len: 276
20:785  0:000        (Dsdt: BEE0B1F0, Facs: BF1B9C40, XDsdt: BEE0B1F0, XFacs: 0)
20:785  0:000        BEE0B1F0: 'DSDT', 'A M I', Rev: 2, Len: 164023
20:787  0:002        BF1B9C40: 'FACS', Ver: 2, Len: 64
20:787  0:000    1. BEE333C0: 'APIC', 'A M I', Rev: 3, Len: 132
20:787  0:000    2. BEE33448: 'FPDT', 'A M I', Rev: 1, Len: 68
20:787  0:000    3. BEE33490: 'MCFG', 'A M I', Rev: 1, Len: 60
20:787  0:000    4. BEE334D0: 'FIDT', 'A M I', Rev: 1, Len: 156
20:787  0:000    5. BEE33570: 'SSDT', 'SaSsdt', Rev: 2, Len: 12628
20:787  0:000    6. BEE366C8: 'SSDT', 'PegSsdt', Rev: 2, Len: 9540
20:787  0:000    7. BEE38C10: 'HPET', 'SKL', Rev: 1, Len: 56
20:787  0:000    8. BEE38C48: 'SSDT', 'Ther_Rvp', Rev: 2, Len: 3643
20:787  0:000    9. BEE39A88: 'SSDT', 'xh_rvp10', Rev: 2, Len: 10967
20:787  0:000    10. BEE3C560: 'UEFI', 'EDK2', Rev: 1, Len: 66
20:787  0:000    11. BEE3C5A8: 'SSDT', 'CpuSsdt', Rev: 2, Len: 3806
20:787  0:000    12. BEE3D488: 'LPIT', 'SKL', Rev: 1, Len: 148
20:787  0:000    13. BEE3D520: 'WSMT', 'SKL', Rev: 1, Len: 40
20:787  0:000    14. BEE3D548: 'SSDT', 'sensrhub', Rev: 2, Len: 671
20:787  0:000    15. BEE3D7E8: 'SSDT', 'PtidDevc', Rev: 2, Len: 12290
20:787  0:000    16. BEE407F0: 'DBGP', '', Rev: 1, Len: 52
20:787  0:000    17. BEE40828: 'DBG2', '', Rev: 0, Len: 84
20:787  0:000    18. BEE40880: 'BGRT', 'A M I', Rev: 1, Len: 56
20:787  0:000    Tables in Rsdt: 19
20:787  0:000    0. BEE0B168: 'FACP', 'A M I', Rev: 2, Len: 132
20:787  0:000        (Dsdt: BEE0B1F0, Facs: BF1B9C00)
20:787  0:000        BEE0B1F0: 'DSDT', 'A M I', Rev: 2, Len: 164023
20:789  0:002        BF1B9C00: 'FACS', Ver: 0, Len: 64
20:789  0:000    1. BEE333C0: 'APIC', 'A M I', Rev: 3, Len: 132
20:789  0:000    2. BEE33448: 'FPDT', 'A M I', Rev: 1, Len: 68
20:789  0:000    3. BEE33490: 'MCFG', 'A M I', Rev: 1, Len: 60
20:789  0:000    4. BEE334D0: 'FIDT', 'A M I', Rev: 1, Len: 156
20:789  0:000    5. BEE33570: 'SSDT', 'SaSsdt', Rev: 2, Len: 12628
20:789  0:000    6. BEE366C8: 'SSDT', 'PegSsdt', Rev: 2, Len: 9540
20:789  0:000    7. BEE38C10: 'HPET', 'SKL', Rev: 1, Len: 56
20:789  0:000    8. BEE38C48: 'SSDT', 'Ther_Rvp', Rev: 2, Len: 3643
20:789  0:000    9. BEE39A88: 'SSDT', 'xh_rvp10', Rev: 2, Len: 10967
20:789  0:000    10. BEE3C560: 'UEFI', 'EDK2', Rev: 1, Len: 66
20:789  0:000    11. BEE3C5A8: 'SSDT', 'CpuSsdt', Rev: 2, Len: 3806
20:789  0:000    12. BEE3D488: 'LPIT', 'SKL', Rev: 1, Len: 148
20:789  0:000    13. BEE3D520: 'WSMT', 'SKL', Rev: 1, Len: 40
20:789  0:000    14. BEE3D548: 'SSDT', 'sensrhub', Rev: 2, Len: 671
20:789  0:000    15. BEE3D7E8: 'SSDT', 'PtidDevc', Rev: 2, Len: 12290
20:789  0:000    16. BEE407F0: 'DBGP', '', Rev: 1, Len: 52
20:789  0:000    17. BEE40828: 'DBG2', '', Rev: 0, Len: 84
20:789  0:000    18. BEE40880: 'BGRT', 'A M I', Rev: 1, Len: 56
20:789  0:000  Found UEFI Acpi 1.0 RSDP at BEE0B000
20:789  0:000  Printing ACPI tables from RSDP BEE0B000 ...
20:789  0:000   BEE0B000: 'RSD PTR ', Rev: 2 (Acpi 2.0 or newer), Len: 36
20:789  0:000    (Xsdt: BEE0B0A0, Rsdt: BEE0B028)
20:789  0:000    BEE0B0A0: 'XSDT', 'A M I', Rev: 1, Len: 188
20:789  0:000    BEE0B028: 'RSDT', 'A M I', Rev: 1, Len: 112
20:789  0:000    Tables in Xsdt: 19
20:789  0:000    0. BEE332A8: 'FACP', 'A M I', Rev: 6, Len: 276
20:789  0:000        (Dsdt: BEE0B1F0, Facs: BF1B9C40, XDsdt: BEE0B1F0, XFacs: 0)
20:789  0:000        BEE0B1F0: 'DSDT', 'A M I', Rev: 2, Len: 164023
20:791  0:002        BF1B9C40: 'FACS', Ver: 2, Len: 64
20:791  0:000    1. BEE333C0: 'APIC', 'A M I', Rev: 3, Len: 132
20:791  0:000    2. BEE33448: 'FPDT', 'A M I', Rev: 1, Len: 68
20:791  0:000    3. BEE33490: 'MCFG', 'A M I', Rev: 1, Len: 60
20:791  0:000    4. BEE334D0: 'FIDT', 'A M I', Rev: 1, Len: 156
20:791  0:000    5. BEE33570: 'SSDT', 'SaSsdt', Rev: 2, Len: 12628
20:791  0:000    6. BEE366C8: 'SSDT', 'PegSsdt', Rev: 2, Len: 9540
20:791  0:000    7. BEE38C10: 'HPET', 'SKL', Rev: 1, Len: 56
20:791  0:000    8. BEE38C48: 'SSDT', 'Ther_Rvp', Rev: 2, Len: 3643
20:791  0:000    9. BEE39A88: 'SSDT', 'xh_rvp10', Rev: 2, Len: 10967
20:791  0:000    10. BEE3C560: 'UEFI', 'EDK2', Rev: 1, Len: 66
20:791  0:000    11. BEE3C5A8: 'SSDT', 'CpuSsdt', Rev: 2, Len: 3806
20:791  0:000    12. BEE3D488: 'LPIT', 'SKL', Rev: 1, Len: 148
20:791  0:000    13. BEE3D520: 'WSMT', 'SKL', Rev: 1, Len: 40
20:791  0:000    14. BEE3D548: 'SSDT', 'sensrhub', Rev: 2, Len: 671
20:791  0:000    15. BEE3D7E8: 'SSDT', 'PtidDevc', Rev: 2, Len: 12290
20:791  0:000    16. BEE407F0: 'DBGP', '', Rev: 1, Len: 52
20:791  0:000    17. BEE40828: 'DBG2', '', Rev: 0, Len: 84
20:791  0:000    18. BEE40880: 'BGRT', 'A M I', Rev: 1, Len: 56
20:791  0:000    Tables in Rsdt: 19
20:791  0:000    0. BEE0B168: 'FACP', 'A M I', Rev: 2, Len: 132
20:791  0:000        (Dsdt: BEE0B1F0, Facs: BF1B9C00)
20:791  0:000        BEE0B1F0: 'DSDT', 'A M I', Rev: 2, Len: 164023
20:793  0:002        BF1B9C00: 'FACS', Ver: 0, Len: 64
20:793  0:000    1. BEE333C0: 'APIC', 'A M I', Rev: 3, Len: 132
20:793  0:000    2. BEE33448: 'FPDT', 'A M I', Rev: 1, Len: 68
20:793  0:000    3. BEE33490: 'MCFG', 'A M I', Rev: 1, Len: 60
20:793  0:000    4. BEE334D0: 'FIDT', 'A M I', Rev: 1, Len: 156
20:793  0:000    5. BEE33570: 'SSDT', 'SaSsdt', Rev: 2, Len: 12628
20:793  0:000    6. BEE366C8: 'SSDT', 'PegSsdt', Rev: 2, Len: 9540
20:793  0:000    7. BEE38C10: 'HPET', 'SKL', Rev: 1, Len: 56
20:793  0:000    8. BEE38C48: 'SSDT', 'Ther_Rvp', Rev: 2, Len: 3643
20:793  0:000    9. BEE39A88: 'SSDT', 'xh_rvp10', Rev: 2, Len: 10967
20:793  0:000    10. BEE3C560: 'UEFI', 'EDK2', Rev: 1, Len: 66
20:793  0:000    11. BEE3C5A8: 'SSDT', 'CpuSsdt', Rev: 2, Len: 3806
20:793  0:000    12. BEE3D488: 'LPIT', 'SKL', Rev: 1, Len: 148
20:793  0:000    13. BEE3D520: 'WSMT', 'SKL', Rev: 1, Len: 40
20:793  0:000    14. BEE3D548: 'SSDT', 'sensrhub', Rev: 2, Len: 671
20:793  0:000    15. BEE3D7E8: 'SSDT', 'PtidDevc', Rev: 2, Len: 12290
20:793  0:000    16. BEE407F0: 'DBGP', '', Rev: 1, Len: 52
20:793  0:000    17. BEE40828: 'DBG2', '', Rev: 0, Len: 84
20:793  0:000    18. BEE40880: 'BGRT', 'A M I', Rev: 1, Len: 56
24:719  3:925  Boot option 0 has other volume name Legacy HD3
24:719  0:000  === [ StartLoader ] =======================================
24:719  0:000  Finally: ExternalClock=24MHz BusSpeed=99763kHz CPUFreq=3192MHz PIS: hw.busfrequency=96000000Hz
24:719  0:000  Loading bootmgfw.efi  status=Success
24:793  0:073  Closing events for Windows
24:793  0:000  EmuVariable UninstallEmulation: CloseEvent = Invalid Parameter, original var services restored
24:793  0:000  OtherOS: Found Acpi 2.0 RSDP 0xBEE0B000
24:793  0:000  RSDT at BEE0B028
24:793  0:000  XSDT at BEE0B0A0
24:793  0:000  FADT pointer = BEE332A8
24:804  0:011  Cleanup RSDT: count=19, length=112
24:804  0:000  corrected RSDT: count=19, length=112
24:804  0:000  Cleanup XSDT: count=19, length=188
24:804  0:000  corrected XSDT count=19, length=188
24:804  0:000  Closing log
